   1              		.cpu cortex-m0
   2              		.fpu softvfp
   3              		.eabi_attribute 20, 1
   4              		.eabi_attribute 21, 1
   5              		.eabi_attribute 23, 3
   6              		.eabi_attribute 24, 1
   7              		.eabi_attribute 25, 1
   8              		.eabi_attribute 26, 1
   9              		.eabi_attribute 30, 6
  10              		.eabi_attribute 34, 0
  11              		.eabi_attribute 18, 4
  12              		.code	16
  13              		.file	"CCU4GLOBAL_Conf.c"
  14              		.text
  15              	.Ltext0:
  16              		.cfi_sections	.debug_frame
  17              		.global	CCU4Global_Handle0
  18              		.section	.rodata
  19              		.align	2
  22              	CCU4Global_Handle0:
  23 0000 00000448 		.word	1208221696
  24 0004 00000000 		.word	0
  25 0008 02000000 		.word	2
  26              		.global	CCU4Global_HandleArray
  27              		.data
  28              		.align	2
  31              	CCU4Global_HandleArray:
  32 0000 00000000 		.word	CCU4Global_Handle0
  33              		.text
  34              	.Letext0:
  35              		.file 1 "C:\\DAVE-3.1.10\\eclipse\\/../CMSIS/Infineon/XMC1100_series/Include/XMC1100.h"
  36              		.file 2 "c:\\dave-3.1.10\\arm-gcc\\bin\\../lib/gcc/arm-none-eabi/4.7.4/../../../../arm-none-eabi/i
  37              		.file 3 "../Dave/Generated/src/CCU4GLOBAL/../../inc/CCU4Global/CCU4Global.h"
  38              		.file 4 "../Dave/Generated/src/CCU4GLOBAL/CCU4GLOBAL_Conf.c"
DEFINED SYMBOLS
                            *ABS*:00000000 CCU4GLOBAL_Conf.c
C:\Users\Patrick\AppData\Local\Temp\cc6Z8OXC.s:22     .rodata:00000000 CCU4Global_Handle0
C:\Users\Patrick\AppData\Local\Temp\cc6Z8OXC.s:19     .rodata:00000000 $d
C:\Users\Patrick\AppData\Local\Temp\cc6Z8OXC.s:31     .data:00000000 CCU4Global_HandleArray
C:\Users\Patrick\AppData\Local\Temp\cc6Z8OXC.s:28     .data:00000000 $d
                           .group:00000000 wm4.1.63d3e0297d6e9004e0e37a0840833abd
                           .group:00000000 wm4.uc_id.h.35.47f40be5760de9fc3332688f9e95febc
                           .group:00000000 wm4.XMC1100.h.45.7a7cd799d7738130fcda8b83b0aa37d4
                           .group:00000000 wm4.core_cm0.h.47.022e66414e77714da7c4b30b3ad99fe8
                           .group:00000000 wm4.newlib.h.8.a9901dc52d1357e3e94003403d43f8b5
                           .group:00000000 wm4.features.h.22.b72b3baab2bb2eab3661375590100b6b
                           .group:00000000 wm4.config.h.193.5fb8ef056cdff92dec3dee9552839d8c
                           .group:00000000 wm4._ansi.h.23.7aefdac4826acebbfc9f3822a0aeb14c
                           .group:00000000 wm4.stdint.h.20.54ad762faa59e3c05491630641c8d8bf
                           .group:00000000 wm4.core_cmInstr.h.39.b7b6650bdd2316848d940915272d75b8
                           .group:00000000 wm4.core_cm0.h.135.ca70469f87e143609670bb393bfa6518
                           .group:00000000 wm4.XMC1000_RomFunctionTable.h.31.6d9a94465618f31b040dc9cea9a47ad7
                           .group:00000000 wm4.XMC1100.h.114.be3711f71ee045884346be801053f4c0
                           .group:00000000 wm4.stddef.h.40.50cf36416e06376af8a9dca28536f2e4
                           .group:00000000 wm4.types.h.60.e75c47576398c648cdcf9000ace5e3d8
                           .group:00000000 wm4.MULTIPLEXER.h.46.383e3edbb9cbf6e538f7c1532ef623c1
                           .group:00000000 wm4.PWMSP001.h.78.6423aeb63839e034e864de061548b73b
                           .group:00000000 wm4.NVIC002_Conf.h.62.18166a449b9ed77d0131aa9be7c23c90
                           .group:00000000 wm4.CCU4Global_Conf.h.63.a52fac0daa39b5f58343578312b4eb54

NO UNDEFINED SYMBOLS
