   1              		.cpu cortex-m0
   2              		.fpu softvfp
   3              		.eabi_attribute 20, 1
   4              		.eabi_attribute 21, 1
   5              		.eabi_attribute 23, 3
   6              		.eabi_attribute 24, 1
   7              		.eabi_attribute 25, 1
   8              		.eabi_attribute 26, 1
   9              		.eabi_attribute 30, 6
  10              		.eabi_attribute 34, 0
  11              		.eabi_attribute 18, 4
  12              		.code	16
  13              		.file	"MULTIPLEXER.c"
  14              		.text
  15              	.Ltext0:
  16              		.cfi_sections	.debug_frame
  17              		.section	.text.DAVE_MUX_Init,"ax",%progbits
  18              		.align	2
  19              		.global	DAVE_MUX_Init
  20              		.code	16
  21              		.thumb_func
  23              	DAVE_MUX_Init:
  24              	.LFB38:
  25              		.file 1 "../Dave/Generated/src/DAVESupport/MULTIPLEXER.c"
   1:../Dave/Generated/src/DAVESupport/MULTIPLEXER.c **** /*******************************************************************************
   2:../Dave/Generated/src/DAVESupport/MULTIPLEXER.c **** **  DAVE App Name : DAVESupport       App Version: 1.0.44               
   3:../Dave/Generated/src/DAVESupport/MULTIPLEXER.c **** **  This file is generated by DAVE, User modification to this file will be    **
   4:../Dave/Generated/src/DAVESupport/MULTIPLEXER.c **** **  overwritten at the next code generation.                                  **
   5:../Dave/Generated/src/DAVESupport/MULTIPLEXER.c **** *******************************************************************************/
   6:../Dave/Generated/src/DAVESupport/MULTIPLEXER.c **** 
   7:../Dave/Generated/src/DAVESupport/MULTIPLEXER.c **** 
   8:../Dave/Generated/src/DAVESupport/MULTIPLEXER.c **** /*******************************************************************************
   9:../Dave/Generated/src/DAVESupport/MULTIPLEXER.c ****  Copyright (c) 2014, Infineon Technologies AG                                 **
  10:../Dave/Generated/src/DAVESupport/MULTIPLEXER.c ****  All rights reserved.                                                         **
  11:../Dave/Generated/src/DAVESupport/MULTIPLEXER.c ****                                                                               **
  12:../Dave/Generated/src/DAVESupport/MULTIPLEXER.c ****  Redistribution and use in source and binary forms, with or without           **
  13:../Dave/Generated/src/DAVESupport/MULTIPLEXER.c ****  modification,are permitted provided that the following conditions are met:   **
  14:../Dave/Generated/src/DAVESupport/MULTIPLEXER.c ****                                                                               **
  15:../Dave/Generated/src/DAVESupport/MULTIPLEXER.c ****  *Redistributions of source code must retain the above copyright notice,      **
  16:../Dave/Generated/src/DAVESupport/MULTIPLEXER.c ****  this list of conditions and the following disclaimer.                        **
  17:../Dave/Generated/src/DAVESupport/MULTIPLEXER.c ****  *Redistributions in binary form must reproduce the above copyright notice,   **
  18:../Dave/Generated/src/DAVESupport/MULTIPLEXER.c ****  this list of conditions and the following disclaimer in the documentation    **
  19:../Dave/Generated/src/DAVESupport/MULTIPLEXER.c ****  and/or other materials provided with the distribution.                       **
  20:../Dave/Generated/src/DAVESupport/MULTIPLEXER.c ****  *Neither the name of the copyright holders nor the names of its contributors **
  21:../Dave/Generated/src/DAVESupport/MULTIPLEXER.c ****  may be used to endorse or promote products derived from this software without**
  22:../Dave/Generated/src/DAVESupport/MULTIPLEXER.c ****  specific prior written permission.                                           **
  23:../Dave/Generated/src/DAVESupport/MULTIPLEXER.c ****                                                                               **
  24:../Dave/Generated/src/DAVESupport/MULTIPLEXER.c ****  THIS SOFTWARE IS PROVIDED BY THE COPYRIGHT HOLDERS AND CONTRIBUTORS "AS IS"  **
  25:../Dave/Generated/src/DAVESupport/MULTIPLEXER.c ****  AND ANY EXPRESS OR IMPLIED WARRANTIES, INCLUDING, BUT NOT LIMITED TO, THE    **
  26:../Dave/Generated/src/DAVESupport/MULTIPLEXER.c ****  IMPLIED WARRANTIES OF MERCHANTABILITY AND FITNESS FOR A PARTICULAR PURPOSE   **
  27:../Dave/Generated/src/DAVESupport/MULTIPLEXER.c ****  ARE  DISCLAIMED. IN NO EVENT SHALL THE COPYRIGHT HOLDER OR CONTRIBUTORS BE   **
  28:../Dave/Generated/src/DAVESupport/MULTIPLEXER.c ****  LIABLE  FOR ANY DIRECT, INDIRECT, INCIDENTAL, SPECIAL, EXEMPLARY, OR         **
  29:../Dave/Generated/src/DAVESupport/MULTIPLEXER.c ****  CONSEQUENTIAL DAMAGES (INCLUDING, BUT NOT LIMITED TO, PROCUREMENT OF         **
  30:../Dave/Generated/src/DAVESupport/MULTIPLEXER.c ****  SUBSTITUTE GOODS OR  SERVICES; LOSS OF USE, DATA, OR PROFITS; OR BUSINESS    **
  31:../Dave/Generated/src/DAVESupport/MULTIPLEXER.c ****  INTERRUPTION) HOWEVER CAUSED AND ON ANY THEORY OF LIABILITY, WHETHER IN      **
  32:../Dave/Generated/src/DAVESupport/MULTIPLEXER.c ****  CONTRACT, STRICT LIABILITY,OR TORT (INCLUDING NEGLIGENCE OR OTHERWISE)       **
  33:../Dave/Generated/src/DAVESupport/MULTIPLEXER.c ****  ARISING IN ANY WAY OUT OF THE USE OF THIS SOFTWARE, EVEN IF ADVISED OF THE   **
  34:../Dave/Generated/src/DAVESupport/MULTIPLEXER.c ****  POSSIBILITY OF SUCH DAMAGE.                                                  **
  35:../Dave/Generated/src/DAVESupport/MULTIPLEXER.c ****                                                                               **
  36:../Dave/Generated/src/DAVESupport/MULTIPLEXER.c ****  To improve the quality of the software, users are encouraged to share        **
  37:../Dave/Generated/src/DAVESupport/MULTIPLEXER.c ****  modifications, enhancements or bug fixes with Infineon Technologies AG       **
  38:../Dave/Generated/src/DAVESupport/MULTIPLEXER.c ****  dave@infineon.com).                                                          **
  39:../Dave/Generated/src/DAVESupport/MULTIPLEXER.c ****                                                                               **
  40:../Dave/Generated/src/DAVESupport/MULTIPLEXER.c **** ********************************************************************************
  41:../Dave/Generated/src/DAVESupport/MULTIPLEXER.c **** **                                                                            **
  42:../Dave/Generated/src/DAVESupport/MULTIPLEXER.c **** **                                                                            **
  43:../Dave/Generated/src/DAVESupport/MULTIPLEXER.c **** ** PLATFORM : Infineon <Microcontroller name, step>                           **
  44:../Dave/Generated/src/DAVESupport/MULTIPLEXER.c **** **                                                                            **
  45:../Dave/Generated/src/DAVESupport/MULTIPLEXER.c **** ** COMPILER : Compiler Independent                                            **
  46:../Dave/Generated/src/DAVESupport/MULTIPLEXER.c **** **                                                                            **
  47:../Dave/Generated/src/DAVESupport/MULTIPLEXER.c **** ** MODIFICATION DATE : April 23, 2014                                     **
  48:../Dave/Generated/src/DAVESupport/MULTIPLEXER.c **** **                                                                            **
  49:../Dave/Generated/src/DAVESupport/MULTIPLEXER.c **** *******************************************************************************/
  50:../Dave/Generated/src/DAVESupport/MULTIPLEXER.c **** /**
  51:../Dave/Generated/src/DAVESupport/MULTIPLEXER.c ****  * @file  MULTIPLEXER.c
  52:../Dave/Generated/src/DAVESupport/MULTIPLEXER.c ****  *
  53:../Dave/Generated/src/DAVESupport/MULTIPLEXER.c ****  * @brief This file contains implementation of DAVE Support function which 
  54:../Dave/Generated/src/DAVESupport/MULTIPLEXER.c ****  * uses to configure multiplexer register values.
  55:../Dave/Generated/src/DAVESupport/MULTIPLEXER.c ****  * 24 July 2013 v1.0.34 Initial Version
  56:../Dave/Generated/src/DAVESupport/MULTIPLEXER.c ****  * 06 sep 2013 v1.0.36  UART001 : Mux : One instruction for output pins 
  57:../Dave/Generated/src/DAVESupport/MULTIPLEXER.c ****  *                      initialisation.
  58:../Dave/Generated/src/DAVESupport/MULTIPLEXER.c ****  *                      CAN001 & CAN002 : Avoid twice reset of the INIT bit in 
  59:../Dave/Generated/src/DAVESupport/MULTIPLEXER.c ****  *                      Can001_lNodeInit & DAVE_MUX_Init.
  60:../Dave/Generated/src/DAVESupport/MULTIPLEXER.c ****  *                      WR_REGHIB Macro definition has been changed.
  61:../Dave/Generated/src/DAVESupport/MULTIPLEXER.c ****  * 23 April 2014 v1.0.44 HRPWM MUX configuration supported.                      
  62:../Dave/Generated/src/DAVESupport/MULTIPLEXER.c ****  *                      
  63:../Dave/Generated/src/DAVESupport/MULTIPLEXER.c ****  */
  64:../Dave/Generated/src/DAVESupport/MULTIPLEXER.c **** 
  65:../Dave/Generated/src/DAVESupport/MULTIPLEXER.c **** /*******************************************************************************
  66:../Dave/Generated/src/DAVESupport/MULTIPLEXER.c **** **                      Include Files                                         **
  67:../Dave/Generated/src/DAVESupport/MULTIPLEXER.c **** *******************************************************************************/
  68:../Dave/Generated/src/DAVESupport/MULTIPLEXER.c **** #include "../../inc/DAVESupport/DAVE3.h"
  69:../Dave/Generated/src/DAVESupport/MULTIPLEXER.c **** 
  70:../Dave/Generated/src/DAVESupport/MULTIPLEXER.c **** /*******************************************************************************
  71:../Dave/Generated/src/DAVESupport/MULTIPLEXER.c **** **                 Function declarations                                     **
  72:../Dave/Generated/src/DAVESupport/MULTIPLEXER.c **** *******************************************************************************/
  73:../Dave/Generated/src/DAVESupport/MULTIPLEXER.c **** /*******************************************************************************
  74:../Dave/Generated/src/DAVESupport/MULTIPLEXER.c **** ** Syntax           : void DAVE_MUX_Init(void)                                **
  75:../Dave/Generated/src/DAVESupport/MULTIPLEXER.c **** **                                                                            **
  76:../Dave/Generated/src/DAVESupport/MULTIPLEXER.c **** ** Reentrancy       : None                                                    **
  77:../Dave/Generated/src/DAVESupport/MULTIPLEXER.c **** **                                                                            **
  78:../Dave/Generated/src/DAVESupport/MULTIPLEXER.c **** ** Parameters (in)  : void                                                    **
  79:../Dave/Generated/src/DAVESupport/MULTIPLEXER.c **** **                                                                            **
  80:../Dave/Generated/src/DAVESupport/MULTIPLEXER.c **** ** Parameters (out) : none                                                    **
  81:../Dave/Generated/src/DAVESupport/MULTIPLEXER.c **** **                                                                            **
  82:../Dave/Generated/src/DAVESupport/MULTIPLEXER.c **** ** Return value     : none                                                    **
  83:../Dave/Generated/src/DAVESupport/MULTIPLEXER.c **** **                                                                            **
  84:../Dave/Generated/src/DAVESupport/MULTIPLEXER.c **** ** Description      : This is the Mux configuration                           **
  85:../Dave/Generated/src/DAVESupport/MULTIPLEXER.c **** **                                                                            **
  86:../Dave/Generated/src/DAVESupport/MULTIPLEXER.c **** *******************************************************************************/
  87:../Dave/Generated/src/DAVESupport/MULTIPLEXER.c ****            
  88:../Dave/Generated/src/DAVESupport/MULTIPLEXER.c **** void DAVE_MUX_Init(void)
  89:../Dave/Generated/src/DAVESupport/MULTIPLEXER.c **** {  
  26              		.loc 1 89 0
  27              		.cfi_startproc
  28 0000 80B5     		push	{r7, lr}
  29              	.LCFI0:
  30              		.cfi_def_cfa_offset 8
  31              		.cfi_offset 7, -8
  32              		.cfi_offset 14, -4
  33 0002 00AF     		add	r7, sp, #0
  34              	.LCFI1:
  35              		.cfi_def_cfa_register 7
  90:../Dave/Generated/src/DAVESupport/MULTIPLEXER.c ****    	 
  91:../Dave/Generated/src/DAVESupport/MULTIPLEXER.c ****             	         
  92:../Dave/Generated/src/DAVESupport/MULTIPLEXER.c ****                                      
  93:../Dave/Generated/src/DAVESupport/MULTIPLEXER.c ****        /*        SCU Macro definitions     */                  
  94:../Dave/Generated/src/DAVESupport/MULTIPLEXER.c ****         //********* Capture/Compare Unit 4 (CAPCOM4) CONFIGURATIONS ************************* 
  95:../Dave/Generated/src/DAVESupport/MULTIPLEXER.c ****                        
  96:../Dave/Generated/src/DAVESupport/MULTIPLEXER.c ****     // Configuring CCU40_CC40SRS  =  Service Request Selector
  97:../Dave/Generated/src/DAVESupport/MULTIPLEXER.c **** 
  98:../Dave/Generated/src/DAVESupport/MULTIPLEXER.c ****     WR_REG(CCU40_CC40->SRS, CCU4_CC4_SRS_POSR_Msk, CCU4_CC4_SRS_POSR_Pos, CCU_SR3);    
  36              		.loc 1 98 0
  37 0004 094A     		ldr	r2, .L2
  38 0006 0949     		ldr	r1, .L2
  39 0008 A823     		mov	r3, #168
  40 000a CB58     		ldr	r3, [r1, r3]
  41 000c 0321     		mov	r1, #3
  42 000e 1943     		orr	r1, r3
  43 0010 A823     		mov	r3, #168
  44 0012 D150     		str	r1, [r2, r3]
  99:../Dave/Generated/src/DAVESupport/MULTIPLEXER.c ****    	 
 100:../Dave/Generated/src/DAVESupport/MULTIPLEXER.c ****             	         
 101:../Dave/Generated/src/DAVESupport/MULTIPLEXER.c ****                                                      
 102:../Dave/Generated/src/DAVESupport/MULTIPLEXER.c ****    	 
 103:../Dave/Generated/src/DAVESupport/MULTIPLEXER.c ****             	         
 104:../Dave/Generated/src/DAVESupport/MULTIPLEXER.c ****                                                  
 105:../Dave/Generated/src/DAVESupport/MULTIPLEXER.c **** 
 106:../Dave/Generated/src/DAVESupport/MULTIPLEXER.c **** /*        PORT Macro definitions for IOCR_OE, IOCR_PCR & HWSEL_HW     */                           
 107:../Dave/Generated/src/DAVESupport/MULTIPLEXER.c ****   WR_REG(PORT0->IOCR4, 0xb800U, PORT_IOCR_PC1_PCR_Pos, 0x14U);                /*P0.5 : PORT0_IOCR4_
  45              		.loc 1 107 0
  46 0014 064B     		ldr	r3, .L2+4
  47 0016 064A     		ldr	r2, .L2+4
  48 0018 5169     		ldr	r1, [r2, #20]
  49 001a 064A     		ldr	r2, .L2+8
  50 001c 0A40     		and	r2, r1
  51 001e A021     		mov	r1, #160
  52 0020 0902     		lsl	r1, r1, #8
  53 0022 0A43     		orr	r2, r1
  54 0024 5A61     		str	r2, [r3, #20]
 108:../Dave/Generated/src/DAVESupport/MULTIPLEXER.c **** 					      
 109:../Dave/Generated/src/DAVESupport/MULTIPLEXER.c ****    	 
 110:../Dave/Generated/src/DAVESupport/MULTIPLEXER.c ****             	         
 111:../Dave/Generated/src/DAVESupport/MULTIPLEXER.c ****                                                      
 112:../Dave/Generated/src/DAVESupport/MULTIPLEXER.c **** }
  55              		.loc 1 112 0
  56 0026 BD46     		mov	sp, r7
  57              		@ sp needed for prologue
  58 0028 80BD     		pop	{r7, pc}
  59              	.L3:
  60 002a C046     		.align	2
  61              	.L2:
  62 002c 00010448 		.word	1208221952
  63 0030 00000440 		.word	1074003968
  64 0034 FF47FFFF 		.word	-47105
  65              		.cfi_endproc
  66              	.LFE38:
  68              		.section	.text.DAVE_MUX_PreInit,"ax",%progbits
  69              		.align	2
  70              		.global	DAVE_MUX_PreInit
  71              		.code	16
  72              		.thumb_func
  74              	DAVE_MUX_PreInit:
  75              	.LFB39:
 113:../Dave/Generated/src/DAVESupport/MULTIPLEXER.c **** 
 114:../Dave/Generated/src/DAVESupport/MULTIPLEXER.c **** 
 115:../Dave/Generated/src/DAVESupport/MULTIPLEXER.c **** /*******************************************************************************
 116:../Dave/Generated/src/DAVESupport/MULTIPLEXER.c **** ** Syntax           : void DAVE_MUX_PreInit(void)                             **
 117:../Dave/Generated/src/DAVESupport/MULTIPLEXER.c **** **                                                                            **
 118:../Dave/Generated/src/DAVESupport/MULTIPLEXER.c **** ** Reentrancy       : None                                                    **
 119:../Dave/Generated/src/DAVESupport/MULTIPLEXER.c **** **                                                                            **
 120:../Dave/Generated/src/DAVESupport/MULTIPLEXER.c **** ** Parameters (in)  : void                                                    **
 121:../Dave/Generated/src/DAVESupport/MULTIPLEXER.c **** **                                                                            **
 122:../Dave/Generated/src/DAVESupport/MULTIPLEXER.c **** ** Parameters (out) : none                                                    **
 123:../Dave/Generated/src/DAVESupport/MULTIPLEXER.c **** **                                                                            **
 124:../Dave/Generated/src/DAVESupport/MULTIPLEXER.c **** ** Return value     : none                                                    **
 125:../Dave/Generated/src/DAVESupport/MULTIPLEXER.c **** **                                                                            **
 126:../Dave/Generated/src/DAVESupport/MULTIPLEXER.c **** ** Description      : This is the Mux configuration                           **
 127:../Dave/Generated/src/DAVESupport/MULTIPLEXER.c **** **                                                                            **
 128:../Dave/Generated/src/DAVESupport/MULTIPLEXER.c **** *******************************************************************************/
 129:../Dave/Generated/src/DAVESupport/MULTIPLEXER.c ****  
 130:../Dave/Generated/src/DAVESupport/MULTIPLEXER.c **** void DAVE_MUX_PreInit(void)
 131:../Dave/Generated/src/DAVESupport/MULTIPLEXER.c **** {        
  76              		.loc 1 131 0
  77              		.cfi_startproc
  78 0000 80B5     		push	{r7, lr}
  79              	.LCFI2:
  80              		.cfi_def_cfa_offset 8
  81              		.cfi_offset 7, -8
  82              		.cfi_offset 14, -4
  83 0002 00AF     		add	r7, sp, #0
  84              	.LCFI3:
  85              		.cfi_def_cfa_register 7
 132:../Dave/Generated/src/DAVESupport/MULTIPLEXER.c **** 
 133:../Dave/Generated/src/DAVESupport/MULTIPLEXER.c **** /*        PORT Macro definitions for IOCR_OE, IOCR_PCR & HWSEL_HW     */                       
 134:../Dave/Generated/src/DAVESupport/MULTIPLEXER.c **** }
  86              		.loc 1 134 0
  87 0004 BD46     		mov	sp, r7
  88              		@ sp needed for prologue
  89 0006 80BD     		pop	{r7, pc}
  90              		.cfi_endproc
  91              	.LFE39:
  93              		.text
  94              	.Letext0:
  95              		.file 2 "C:\\DAVE-3.1.10\\eclipse\\/../CMSIS/Infineon/XMC1100_series/Include/XMC1100.h"
  96              		.file 3 "c:\\dave-3.1.10\\arm-gcc\\bin\\../lib/gcc/arm-none-eabi/4.7.4/../../../../arm-none-eabi/i
DEFINED SYMBOLS
                            *ABS*:00000000 MULTIPLEXER.c
C:\Users\Patrick\AppData\Local\Temp\cccksAJb.s:18     .text.DAVE_MUX_Init:00000000 $t
C:\Users\Patrick\AppData\Local\Temp\cccksAJb.s:23     .text.DAVE_MUX_Init:00000000 DAVE_MUX_Init
C:\Users\Patrick\AppData\Local\Temp\cccksAJb.s:62     .text.DAVE_MUX_Init:0000002c $d
C:\Users\Patrick\AppData\Local\Temp\cccksAJb.s:69     .text.DAVE_MUX_PreInit:00000000 $t
C:\Users\Patrick\AppData\Local\Temp\cccksAJb.s:74     .text.DAVE_MUX_PreInit:00000000 DAVE_MUX_PreInit
                     .debug_frame:00000010 $d
                           .group:00000000 wm4.1.63d3e0297d6e9004e0e37a0840833abd
                           .group:00000000 wm4.XMC1100.h.45.7a7cd799d7738130fcda8b83b0aa37d4
                           .group:00000000 wm4.core_cm0.h.47.022e66414e77714da7c4b30b3ad99fe8
                           .group:00000000 wm4.newlib.h.8.a9901dc52d1357e3e94003403d43f8b5
                           .group:00000000 wm4.features.h.22.b72b3baab2bb2eab3661375590100b6b
                           .group:00000000 wm4.config.h.193.5fb8ef056cdff92dec3dee9552839d8c
                           .group:00000000 wm4._ansi.h.23.7aefdac4826acebbfc9f3822a0aeb14c
                           .group:00000000 wm4.stdint.h.20.54ad762faa59e3c05491630641c8d8bf
                           .group:00000000 wm4.core_cmInstr.h.39.b7b6650bdd2316848d940915272d75b8
                           .group:00000000 wm4.core_cm0.h.135.ca70469f87e143609670bb393bfa6518
                           .group:00000000 wm4.XMC1000_RomFunctionTable.h.31.6d9a94465618f31b040dc9cea9a47ad7
                           .group:00000000 wm4.XMC1100.h.114.be3711f71ee045884346be801053f4c0
                           .group:00000000 wm4.stddef.h.40.50cf36416e06376af8a9dca28536f2e4
                           .group:00000000 wm4.types.h.60.e75c47576398c648cdcf9000ace5e3d8
                           .group:00000000 wm4.MULTIPLEXER.h.46.383e3edbb9cbf6e538f7c1532ef623c1
                           .group:00000000 wm4.uc_id.h.35.47f40be5760de9fc3332688f9e95febc
                           .group:00000000 wm4.CCU4Global_Conf.h.63.a52fac0daa39b5f58343578312b4eb54
                           .group:00000000 wm4.PWMSP001.h.57.29b732b86baf3e81f49153f5f495912e
                           .group:00000000 wm4.NVIC002_Conf.h.62.18166a449b9ed77d0131aa9be7c23c90

NO UNDEFINED SYMBOLS
