   1              		.cpu cortex-m0
   2              		.fpu softvfp
   3              		.eabi_attribute 20, 1
   4              		.eabi_attribute 21, 1
   5              		.eabi_attribute 23, 3
   6              		.eabi_attribute 24, 1
   7              		.eabi_attribute 25, 1
   8              		.eabi_attribute 26, 1
   9              		.eabi_attribute 30, 4
  10              		.eabi_attribute 34, 0
  11              		.eabi_attribute 18, 4
  12              		.code	16
  13              		.file	"IO002.c"
  14              		.section	.text.IO002_Init,"ax",%progbits
  15              		.align	1
  16              		.global	IO002_Init
  17              		.code	16
  18              		.thumb_func
  20              	IO002_Init:
  21 0000 494B     		ldr	r3, .L27
  22 0002 30B5     		push	{r4, r5, lr}
  23 0004 1B68     		ldr	r3, [r3]
  24 0006 D969     		ldr	r1, [r3, #28]
  25 0008 5A78     		ldrb	r2, [r3, #1]
  26 000a 0129     		cmp	r1, #1
  27 000c 03D1     		bne	.L2
  28 000e 5C68     		ldr	r4, [r3, #4]
  29 0010 186C     		ldr	r0, [r3, #64]
  30 0012 9440     		lsl	r4, r4, r2
  31 0014 4460     		str	r4, [r0, #4]
  32              	.L2:
  33 0016 DD68     		ldr	r5, [r3, #12]
  34 0018 012D     		cmp	r5, #1
  35 001a 05D1     		bne	.L3
  36 001c 186C     		ldr	r0, [r3, #64]
  37 001e 0224     		mov	r4, #2
  38 0020 456F     		ldr	r5, [r0, #116]
  39 0022 9440     		lsl	r4, r4, r2
  40 0024 2C43     		orr	r4, r5
  41 0026 4467     		str	r4, [r0, #116]
  42              	.L3:
  43 0028 0129     		cmp	r1, #1
  44 002a 23D1     		bne	.L4
  45 002c 032A     		cmp	r2, #3
  46 002e 05D8     		bhi	.L5
  47 0030 1C6C     		ldr	r4, [r3, #64]
  48 0032 D200     		lsl	r2, r2, #3
  49 0034 2169     		ldr	r1, [r4, #16]
  50 0036 0332     		add	r2, r2, #3
  51 0038 586A     		ldr	r0, [r3, #36]
  52 003a 49E0     		b	.L22
  53              	.L5:
  54 003c 151F     		sub	r5, r2, #4
  55 003e 032D     		cmp	r5, #3
  56 0040 05D8     		bhi	.L7
  57 0042 1A6C     		ldr	r2, [r3, #64]
  58 0044 ED00     		lsl	r5, r5, #3
  59 0046 5069     		ldr	r0, [r2, #20]
  60 0048 0335     		add	r5, r5, #3
  61 004a 5B6A     		ldr	r3, [r3, #36]
  62 004c 4DE0     		b	.L23
  63              	.L7:
  64 004e 141C     		mov	r4, r2
  65 0050 083C     		sub	r4, r4, #8
  66 0052 032C     		cmp	r4, #3
  67 0054 05D8     		bhi	.L8
  68 0056 1D6C     		ldr	r5, [r3, #64]
  69 0058 E400     		lsl	r4, r4, #3
  70 005a A869     		ldr	r0, [r5, #24]
  71 005c 0334     		add	r4, r4, #3
  72 005e 596A     		ldr	r1, [r3, #36]
  73 0060 51E0     		b	.L24
  74              	.L8:
  75 0062 0C3A     		sub	r2, r2, #12
  76 0064 032A     		cmp	r2, #3
  77 0066 5DD8     		bhi	.L1
  78 0068 196C     		ldr	r1, [r3, #64]
  79 006a D200     		lsl	r2, r2, #3
  80 006c C869     		ldr	r0, [r1, #28]
  81 006e 0332     		add	r2, r2, #3
  82 0070 5B6A     		ldr	r3, [r3, #36]
  83 0072 54E0     		b	.L25
  84              	.L4:
  85 0074 0029     		cmp	r1, #0
  86 0076 55D1     		bne	.L1
  87 0078 196A     		ldr	r1, [r3, #32]
  88 007a 0129     		cmp	r1, #1
  89 007c 0FD1     		bne	.L11
  90 007e 072A     		cmp	r2, #7
  91 0080 04D8     		bhi	.L12
  92 0082 1D6C     		ldr	r5, [r3, #64]
  93 0084 996B     		ldr	r1, [r3, #56]
  94 0086 286C     		ldr	r0, [r5, #64]
  95 0088 0843     		orr	r0, r1
  96 008a 0EE0     		b	.L20
  97              	.L12:
  98 008c 141C     		mov	r4, r2
  99 008e 083C     		sub	r4, r4, #8
 100 0090 072C     		cmp	r4, #7
 101 0092 22D8     		bhi	.L16
 102 0094 1D6C     		ldr	r5, [r3, #64]
 103 0096 D86B     		ldr	r0, [r3, #60]
 104 0098 696C     		ldr	r1, [r5, #68]
 105 009a 0143     		orr	r1, r0
 106 009c 16E0     		b	.L21
 107              	.L11:
 108 009e 072A     		cmp	r2, #7
 109 00a0 0CD8     		bhi	.L15
 110 00a2 1D6C     		ldr	r5, [r3, #64]
 111 00a4 996B     		ldr	r1, [r3, #56]
 112 00a6 286C     		ldr	r0, [r5, #64]
 113 00a8 8843     		bic	r0, r1
 114              	.L20:
 115 00aa 2864     		str	r0, [r5, #64]
 116 00ac 032A     		cmp	r2, #3
 117 00ae 14D8     		bhi	.L16
 118 00b0 1C6C     		ldr	r4, [r3, #64]
 119 00b2 D200     		lsl	r2, r2, #3
 120 00b4 2169     		ldr	r1, [r4, #16]
 121 00b6 0332     		add	r2, r2, #3
 122 00b8 5869     		ldr	r0, [r3, #20]
 123 00ba 09E0     		b	.L22
 124              	.L15:
 125 00bc 101C     		mov	r0, r2
 126 00be 0838     		sub	r0, r0, #8
 127 00c0 0728     		cmp	r0, #7
 128 00c2 0AD8     		bhi	.L16
 129 00c4 1D6C     		ldr	r5, [r3, #64]
 130 00c6 DC6B     		ldr	r4, [r3, #60]
 131 00c8 696C     		ldr	r1, [r5, #68]
 132 00ca A143     		bic	r1, r4
 133              	.L21:
 134 00cc 6964     		str	r1, [r5, #68]
 135 00ce 04E0     		b	.L16
 136              	.L22:
 137 00d0 9040     		lsl	r0, r0, r2
 138 00d2 021C     		mov	r2, r0
 139 00d4 0A43     		orr	r2, r1
 140 00d6 2261     		str	r2, [r4, #16]
 141 00d8 24E0     		b	.L1
 142              	.L16:
 143 00da 151F     		sub	r5, r2, #4
 144 00dc 032D     		cmp	r5, #3
 145 00de 09D8     		bhi	.L17
 146 00e0 1A6C     		ldr	r2, [r3, #64]
 147 00e2 ED00     		lsl	r5, r5, #3
 148 00e4 5069     		ldr	r0, [r2, #20]
 149 00e6 5B69     		ldr	r3, [r3, #20]
 150 00e8 0335     		add	r5, r5, #3
 151              	.L23:
 152 00ea AB40     		lsl	r3, r3, r5
 153 00ec 1D1C     		mov	r5, r3
 154 00ee 0543     		orr	r5, r0
 155 00f0 5561     		str	r5, [r2, #20]
 156 00f2 17E0     		b	.L1
 157              	.L17:
 158 00f4 141C     		mov	r4, r2
 159 00f6 083C     		sub	r4, r4, #8
 160 00f8 032C     		cmp	r4, #3
 161 00fa 08D8     		bhi	.L18
 162 00fc 1D6C     		ldr	r5, [r3, #64]
 163 00fe E400     		lsl	r4, r4, #3
 164 0100 A869     		ldr	r0, [r5, #24]
 165 0102 5969     		ldr	r1, [r3, #20]
 166 0104 0334     		add	r4, r4, #3
 167              	.L24:
 168 0106 A140     		lsl	r1, r1, r4
 169 0108 0143     		orr	r1, r0
 170 010a A961     		str	r1, [r5, #24]
 171 010c 0AE0     		b	.L1
 172              	.L18:
 173 010e 0C3A     		sub	r2, r2, #12
 174 0110 032A     		cmp	r2, #3
 175 0112 07D8     		bhi	.L1
 176 0114 196C     		ldr	r1, [r3, #64]
 177 0116 D200     		lsl	r2, r2, #3
 178 0118 C869     		ldr	r0, [r1, #28]
 179 011a 5B69     		ldr	r3, [r3, #20]
 180 011c 0332     		add	r2, r2, #3
 181              	.L25:
 182 011e 9340     		lsl	r3, r3, r2
 183 0120 0343     		orr	r3, r0
 184 0122 CB61     		str	r3, [r1, #28]
 185              	.L1:
 186              		@ sp needed for prologue
 187 0124 30BD     		pop	{r4, r5, pc}
 188              	.L28:
 189 0126 C046     		.align	2
 190              	.L27:
 191 0128 00000000 		.word	IO002_HandleArr
 193              		.section	.text.IO002_ReadPin,"ax",%progbits
 194              		.align	1
 195              		.global	IO002_ReadPin
 196              		.code	16
 197              		.thumb_func
 199              	IO002_ReadPin:
 200 0000 84B0     		sub	sp, sp, #16
 201 0002 0393     		str	r3, [sp, #12]
 202 0004 109B     		ldr	r3, [sp, #64]
 203 0006 0090     		str	r0, [sp]
 204 0008 0191     		str	r1, [sp, #4]
 205 000a 0292     		str	r2, [sp, #8]
 206 000c 6946     		mov	r1, sp
 207 000e 586A     		ldr	r0, [r3, #36]
 208 0010 4A78     		ldrb	r2, [r1, #1]
 209 0012 0123     		mov	r3, #1
 210 0014 D040     		lsr	r0, r0, r2
 211 0016 1840     		and	r0, r3
 212              		@ sp needed for prologue
 213 0018 04B0     		add	sp, sp, #16
 214 001a 7047     		bx	lr
 216              		.section	.text.IO002_SetPin,"ax",%progbits
 217              		.align	1
 218              		.global	IO002_SetPin
 219              		.code	16
 220              		.thumb_func
 222              	IO002_SetPin:
 223 0000 84B0     		sub	sp, sp, #16
 224 0002 10B5     		push	{r4, lr}
 225 0004 040A     		lsr	r4, r0, #8
 226 0006 0290     		str	r0, [sp, #8]
 227 0008 0492     		str	r2, [sp, #16]
 228 000a 0593     		str	r3, [sp, #20]
 229 000c E0B2     		uxtb	r0, r4
 230 000e 129A     		ldr	r2, [sp, #72]
 231 0010 0123     		mov	r3, #1
 232 0012 8340     		lsl	r3, r3, r0
 233 0014 0391     		str	r1, [sp, #12]
 234 0016 5360     		str	r3, [r2, #4]
 235              		@ sp needed for prologue
 236 0018 10BC     		pop	{r4}
 237 001a 08BC     		pop	{r3}
 238 001c 04B0     		add	sp, sp, #16
 239 001e 1847     		bx	r3
 241              		.section	.text.IO002_ResetPin,"ax",%progbits
 242              		.align	1
 243              		.global	IO002_ResetPin
 244              		.code	16
 245              		.thumb_func
 247              	IO002_ResetPin:
 248 0000 84B0     		sub	sp, sp, #16
 249 0002 10B5     		push	{r4, lr}
 250 0004 040A     		lsr	r4, r0, #8
 251 0006 0593     		str	r3, [sp, #20]
 252 0008 8023     		mov	r3, #128
 253 000a 0290     		str	r0, [sp, #8]
 254 000c 0391     		str	r1, [sp, #12]
 255 000e E0B2     		uxtb	r0, r4
 256 0010 5902     		lsl	r1, r3, #9
 257 0012 129C     		ldr	r4, [sp, #72]
 258 0014 8140     		lsl	r1, r1, r0
 259 0016 0492     		str	r2, [sp, #16]
 260 0018 6160     		str	r1, [r4, #4]
 261              		@ sp needed for prologue
 262 001a 10BC     		pop	{r4}
 263 001c 08BC     		pop	{r3}
 264 001e 04B0     		add	sp, sp, #16
 265 0020 1847     		bx	r3
 267              		.section	.text.IO002_SetOutputValue,"ax",%progbits
 268              		.align	1
 269              		.global	IO002_SetOutputValue
 270              		.code	16
 271              		.thumb_func
 273              	IO002_SetOutputValue:
 274 0000 84B0     		sub	sp, sp, #16
 275 0002 10B5     		push	{r4, lr}
 276 0004 0492     		str	r2, [sp, #16]
 277 0006 159A     		ldr	r2, [sp, #84]
 278 0008 040A     		lsr	r4, r0, #8
 279 000a 0290     		str	r0, [sp, #8]
 280 000c 0593     		str	r3, [sp, #20]
 281 000e 0391     		str	r1, [sp, #12]
 282 0010 E0B2     		uxtb	r0, r4
 283 0012 129B     		ldr	r3, [sp, #72]
 284 0014 002A     		cmp	r2, #0
 285 0016 01D0     		beq	.L33
 286 0018 0124     		mov	r4, #1
 287 001a 01E0     		b	.L35
 288              	.L33:
 289 001c 8021     		mov	r1, #128
 290 001e 4C02     		lsl	r4, r1, #9
 291              	.L35:
 292 0020 8440     		lsl	r4, r4, r0
 293 0022 5C60     		str	r4, [r3, #4]
 294              		@ sp needed for prologue
 295 0024 10BC     		pop	{r4}
 296 0026 08BC     		pop	{r3}
 297 0028 04B0     		add	sp, sp, #16
 298 002a 1847     		bx	r3
 300              		.section	.text.IO002_TogglePin,"ax",%progbits
 301              		.align	1
 302              		.global	IO002_TogglePin
 303              		.code	16
 304              		.thumb_func
 306              	IO002_TogglePin:
 307 0000 84B0     		sub	sp, sp, #16
 308 0002 10B5     		push	{r4, lr}
 309 0004 040A     		lsr	r4, r0, #8
 310 0006 0593     		str	r3, [sp, #20]
 311 0008 054B     		ldr	r3, .L37
 312 000a 0290     		str	r0, [sp, #8]
 313 000c 0492     		str	r2, [sp, #16]
 314 000e E0B2     		uxtb	r0, r4
 315 0010 129A     		ldr	r2, [sp, #72]
 316 0012 8340     		lsl	r3, r3, r0
 317 0014 0391     		str	r1, [sp, #12]
 318 0016 5360     		str	r3, [r2, #4]
 319              		@ sp needed for prologue
 320 0018 10BC     		pop	{r4}
 321 001a 08BC     		pop	{r3}
 322 001c 04B0     		add	sp, sp, #16
 323 001e 1847     		bx	r3
 324              	.L38:
 325              		.align	2
 326              	.L37:
 327 0020 01000100 		.word	65537
 329              		.section	.text.IO002_DisableOutputDriver,"ax",%progbits
 330              		.align	1
 331              		.global	IO002_DisableOutputDriver
 332              		.code	16
 333              		.thumb_func
 335              	IO002_DisableOutputDriver:
 336              		@ sp needed for prologue
 337 0000 7047     		bx	lr
 339              		.section	.text.IO002_EnableOutputDriver,"ax",%progbits
 340              		.align	1
 341              		.global	IO002_EnableOutputDriver
 342              		.code	16
 343              		.thumb_func
 345              	IO002_EnableOutputDriver:
 346              		@ sp needed for prologue
 347 0000 7047     		bx	lr
 349              		.ident	"GCC: (GNU Tools for ARM Embedded Processors) 4.7.4 20130913 (release) [ARM/embedded-4_7-br
DEFINED SYMBOLS
                            *ABS*:00000000 IO002.c
C:\Users\Patrick\AppData\Local\Temp\ccALb4uc.s:15     .text.IO002_Init:00000000 $t
C:\Users\Patrick\AppData\Local\Temp\ccALb4uc.s:20     .text.IO002_Init:00000000 IO002_Init
C:\Users\Patrick\AppData\Local\Temp\ccALb4uc.s:191    .text.IO002_Init:00000128 $d
C:\Users\Patrick\AppData\Local\Temp\ccALb4uc.s:194    .text.IO002_ReadPin:00000000 $t
C:\Users\Patrick\AppData\Local\Temp\ccALb4uc.s:199    .text.IO002_ReadPin:00000000 IO002_ReadPin
C:\Users\Patrick\AppData\Local\Temp\ccALb4uc.s:217    .text.IO002_SetPin:00000000 $t
C:\Users\Patrick\AppData\Local\Temp\ccALb4uc.s:222    .text.IO002_SetPin:00000000 IO002_SetPin
C:\Users\Patrick\AppData\Local\Temp\ccALb4uc.s:242    .text.IO002_ResetPin:00000000 $t
C:\Users\Patrick\AppData\Local\Temp\ccALb4uc.s:247    .text.IO002_ResetPin:00000000 IO002_ResetPin
C:\Users\Patrick\AppData\Local\Temp\ccALb4uc.s:268    .text.IO002_SetOutputValue:00000000 $t
C:\Users\Patrick\AppData\Local\Temp\ccALb4uc.s:273    .text.IO002_SetOutputValue:00000000 IO002_SetOutputValue
C:\Users\Patrick\AppData\Local\Temp\ccALb4uc.s:301    .text.IO002_TogglePin:00000000 $t
C:\Users\Patrick\AppData\Local\Temp\ccALb4uc.s:306    .text.IO002_TogglePin:00000000 IO002_TogglePin
C:\Users\Patrick\AppData\Local\Temp\ccALb4uc.s:327    .text.IO002_TogglePin:00000020 $d
C:\Users\Patrick\AppData\Local\Temp\ccALb4uc.s:330    .text.IO002_DisableOutputDriver:00000000 $t
C:\Users\Patrick\AppData\Local\Temp\ccALb4uc.s:335    .text.IO002_DisableOutputDriver:00000000 IO002_DisableOutputDriver
C:\Users\Patrick\AppData\Local\Temp\ccALb4uc.s:340    .text.IO002_EnableOutputDriver:00000000 $t
C:\Users\Patrick\AppData\Local\Temp\ccALb4uc.s:345    .text.IO002_EnableOutputDriver:00000000 IO002_EnableOutputDriver

UNDEFINED SYMBOLS
IO002_HandleArr
