
boschSpeedUp.elf:     file format elf32-littlearm

Sections:
Idx Name          Size      VMA       LMA       File off  Algn
  0 .text         00000888  10001000  10001000  00001000  2**2
                  CONTENTS, ALLOC, LOAD, READONLY, CODE
  1 .ARM.exidx    00000010  10001888  10001888  00001888  2**2
                  CONTENTS, ALLOC, LOAD, READONLY, DATA
  2 .rodata       0000006c  10001898  10001898  00001898  2**2
                  CONTENTS, ALLOC, LOAD, READONLY, DATA
  3 .VENEER_Code  00000110  2000000c  10001910  0000800c  2**2
                  CONTENTS, ALLOC, LOAD, READONLY, CODE
  4 .GUARD_Band   00000004  2000011c  00000000  0000011c  2**0
                  ALLOC
  5 Stack         00000800  20000120  00000000  00000120  2**0
                  ALLOC
  6 .bss          00000024  20000920  20000920  00010920  2**2
                  ALLOC
  7 .data         00000010  20000950  10001a20  00008950  2**2
                  CONTENTS, ALLOC, LOAD, DATA
  8 .debug_frame  00000040  00000000  00000000  00008960  2**2
                  CONTENTS, READONLY, DEBUGGING
  9 .build_attributes 000002f8  00000000  00000000  000089a0  2**0
                  CONTENTS, READONLY

Disassembly of section .text:

10001000 <__Xmc1100_interrupt_vector_cortex_m>:
10001000:	20 09 00 20 19 10 00 10 d5 10 00 10 d7 10 00 10      .. ............
10001010:	00 00 00 80 00 00 00 80                             ........

10001018 <__Xmc1100_reset_cortex_m>:
10001018:	4802      	ldr	r0, [pc, #8]	; (10001024 <__Xmc1100_reset_cortex_m+0xc>)
1000101a:	4685      	mov	sp, r0
1000101c:	4802      	ldr	r0, [pc, #8]	; (10001028 <__Xmc1100_reset_cortex_m+0x10>)
1000101e:	4780      	blx	r0
10001020:	e012      	b.n	10001048 <__Xmc1100_Program_Loader>
10001022:	0000      	.short	0x0000
10001024:	20000920 	.word	0x20000920
10001028:	100010d1 	.word	0x100010d1

1000102c <__COPY_FLASH2RAM>:
1000102c:	2a00      	cmp	r2, #0
1000102e:	d00a      	beq.n	10001046 <SKIPCOPY>
10001030:	2a04      	cmp	r2, #4
10001032:	d200      	bcs.n	10001036 <STARTCOPY>
10001034:	2204      	movs	r2, #4

10001036 <STARTCOPY>:
10001036:	0892      	lsrs	r2, r2, #2

10001038 <COPYLOOP>:
10001038:	6803      	ldr	r3, [r0, #0]
1000103a:	600b      	str	r3, [r1, #0]
1000103c:	3a01      	subs	r2, #1
1000103e:	d002      	beq.n	10001046 <SKIPCOPY>
10001040:	3004      	adds	r0, #4
10001042:	3104      	adds	r1, #4
10001044:	e7f8      	b.n	10001038 <COPYLOOP>

10001046 <SKIPCOPY>:
10001046:	4770      	bx	lr

10001048 <__Xmc1100_Program_Loader>:
10001048:	4811      	ldr	r0, [pc, #68]	; (10001090 <SKIPCLEAR+0x14>)
1000104a:	4912      	ldr	r1, [pc, #72]	; (10001094 <SKIPCLEAR+0x18>)
1000104c:	4a12      	ldr	r2, [pc, #72]	; (10001098 <SKIPCLEAR+0x1c>)
1000104e:	f7ff ffed 	bl	1000102c <__COPY_FLASH2RAM>
10001052:	4812      	ldr	r0, [pc, #72]	; (1000109c <SKIPCLEAR+0x20>)
10001054:	4912      	ldr	r1, [pc, #72]	; (100010a0 <SKIPCLEAR+0x24>)
10001056:	4a13      	ldr	r2, [pc, #76]	; (100010a4 <SKIPCLEAR+0x28>)
10001058:	f7ff ffe8 	bl	1000102c <__COPY_FLASH2RAM>
1000105c:	4812      	ldr	r0, [pc, #72]	; (100010a8 <SKIPCLEAR+0x2c>)
1000105e:	4913      	ldr	r1, [pc, #76]	; (100010ac <SKIPCLEAR+0x30>)
10001060:	4a13      	ldr	r2, [pc, #76]	; (100010b0 <SKIPCLEAR+0x34>)
10001062:	f7ff ffe3 	bl	1000102c <__COPY_FLASH2RAM>
10001066:	4813      	ldr	r0, [pc, #76]	; (100010b4 <SKIPCLEAR+0x38>)
10001068:	4913      	ldr	r1, [pc, #76]	; (100010b8 <SKIPCLEAR+0x3c>)
1000106a:	2900      	cmp	r1, #0
1000106c:	d006      	beq.n	1000107c <SKIPCLEAR>

1000106e <STARTCLEAR>:
1000106e:	0889      	lsrs	r1, r1, #2
10001070:	2200      	movs	r2, #0

10001072 <CLEARLOOP>:
10001072:	6002      	str	r2, [r0, #0]
10001074:	3901      	subs	r1, #1
10001076:	d001      	beq.n	1000107c <SKIPCLEAR>
10001078:	3004      	adds	r0, #4
1000107a:	e7fa      	b.n	10001072 <CLEARLOOP>

1000107c <SKIPCLEAR>:
1000107c:	480f      	ldr	r0, [pc, #60]	; (100010bc <SKIPCLEAR+0x40>)
1000107e:	4685      	mov	sp, r0
10001080:	480f      	ldr	r0, [pc, #60]	; (100010c0 <SKIPCLEAR+0x44>)
10001082:	4780      	blx	r0
10001084:	480f      	ldr	r0, [pc, #60]	; (100010c4 <SKIPCLEAR+0x48>)
10001086:	4780      	blx	r0
10001088:	2000      	movs	r0, #0
1000108a:	2100      	movs	r1, #0
1000108c:	4a0e      	ldr	r2, [pc, #56]	; (100010c8 <SKIPCLEAR+0x4c>)
1000108e:	4697      	mov	pc, r2
10001090:	10001a20 	.word	0x10001a20
10001094:	20000950 	.word	0x20000950
10001098:	00000010 	.word	0x00000010
1000109c:	10001a30 	.word	0x10001a30
100010a0:	20000960 	.word	0x20000960
100010a4:	00000000 	.word	0x00000000
100010a8:	10001910 	.word	0x10001910
100010ac:	2000000c 	.word	0x2000000c
100010b0:	00000110 	.word	0x00000110
100010b4:	20000920 	.word	0x20000920
100010b8:	00000024 	.word	0x00000024
100010bc:	20000920 	.word	0x20000920
100010c0:	1000113d 	.word	0x1000113d
100010c4:	100010cd 	.word	0x100010cd
100010c8:	10001145 	.word	0x10001145

100010cc <software_init_hook>:
100010cc:	46c0      	nop			; (mov r8, r8)
100010ce:	4770      	bx	lr

100010d0 <hardware_init_hook>:
100010d0:	46c0      	nop			; (mov r8, r8)
100010d2:	4770      	bx	lr

100010d4 <NMI_Handler>:
100010d4:	e7fe      	b.n	100010d4 <NMI_Handler>

100010d6 <HardFault_Handler>:
100010d6:	e7fe      	b.n	100010d6 <HardFault_Handler>

100010d8 <SVC_Handler>:
100010d8:	e7fe      	b.n	100010d8 <SVC_Handler>

100010da <PendSV_Handler>:
100010da:	e7fe      	b.n	100010da <PendSV_Handler>

100010dc <SysTick_Handler>:
100010dc:	e7fe      	b.n	100010dc <SysTick_Handler>

100010de <SCU_0_IRQHandler>:
100010de:	e7fe      	b.n	100010de <SCU_0_IRQHandler>

100010e0 <SCU_1_IRQHandler>:
100010e0:	e7fe      	b.n	100010e0 <SCU_1_IRQHandler>

100010e2 <SCU_2_IRQHandler>:
100010e2:	e7fe      	b.n	100010e2 <SCU_2_IRQHandler>

100010e4 <ERU0_0_IRQHandler>:
100010e4:	e7fe      	b.n	100010e4 <ERU0_0_IRQHandler>

100010e6 <ERU0_1_IRQHandler>:
100010e6:	e7fe      	b.n	100010e6 <ERU0_1_IRQHandler>

100010e8 <ERU0_2_IRQHandler>:
100010e8:	e7fe      	b.n	100010e8 <ERU0_2_IRQHandler>
100010ea:	e7fe      	b.n	100010ea <ERU0_2_IRQHandler+0x2>

100010ec <VADC0_C0_0_IRQHandler>:
100010ec:	e7fe      	b.n	100010ec <VADC0_C0_0_IRQHandler>

100010ee <VADC0_C0_1_IRQHandler>:
100010ee:	e7fe      	b.n	100010ee <VADC0_C0_1_IRQHandler>

100010f0 <CCU40_0_IRQHandler>:
100010f0:	e7fe      	b.n	100010f0 <CCU40_0_IRQHandler>

100010f2 <CCU40_1_IRQHandler>:
100010f2:	e7fe      	b.n	100010f2 <CCU40_1_IRQHandler>

100010f4 <CCU40_2_IRQHandler>:
100010f4:	e7fe      	b.n	100010f4 <CCU40_2_IRQHandler>

100010f6 <CCU40_3_IRQHandler>:
100010f6:	e7fe      	b.n	100010f6 <CCU40_3_IRQHandler>

100010f8 <USIC0_0_IRQHandler>:
100010f8:	e7fe      	b.n	100010f8 <USIC0_0_IRQHandler>

100010fa <USIC0_1_IRQHandler>:
100010fa:	e7fe      	b.n	100010fa <USIC0_1_IRQHandler>

100010fc <USIC0_2_IRQHandler>:
100010fc:	e7fe      	b.n	100010fc <USIC0_2_IRQHandler>

100010fe <USIC0_3_IRQHandler>:
100010fe:	e7fe      	b.n	100010fe <USIC0_3_IRQHandler>

10001100 <USIC0_4_IRQHandler>:
10001100:	e7fe      	b.n	10001100 <USIC0_4_IRQHandler>

10001102 <USIC0_5_IRQHandler>:
10001102:	e7fe      	b.n	10001102 <USIC0_5_IRQHandler>

10001104 <SystemCoreClockUpdate>:
10001104:	4a09      	ldr	r2, [pc, #36]	; (1000112c <SystemCoreClockUpdate+0x28>)
10001106:	b510      	push	{r4, lr}
10001108:	6813      	ldr	r3, [r2, #0]
1000110a:	4c09      	ldr	r4, [pc, #36]	; (10001130 <SystemCoreClockUpdate+0x2c>)
1000110c:	0418      	lsls	r0, r3, #16
1000110e:	0e03      	lsrs	r3, r0, #24
10001110:	6811      	ldr	r1, [r2, #0]
10001112:	d008      	beq.n	10001126 <SystemCoreClockUpdate+0x22>
10001114:	0218      	lsls	r0, r3, #8
10001116:	b2cb      	uxtb	r3, r1
10001118:	18c1      	adds	r1, r0, r3
1000111a:	4806      	ldr	r0, [pc, #24]	; (10001134 <SystemCoreClockUpdate+0x30>)
1000111c:	f000 fb04 	bl	10001728 <__aeabi_uidiv>
10001120:	0041      	lsls	r1, r0, #1
10001122:	6021      	str	r1, [r4, #0]
10001124:	e001      	b.n	1000112a <SystemCoreClockUpdate+0x26>
10001126:	4a04      	ldr	r2, [pc, #16]	; (10001138 <SystemCoreClockUpdate+0x34>)
10001128:	6022      	str	r2, [r4, #0]
1000112a:	bd10      	pop	{r4, pc}
1000112c:	40010300 	.word	0x40010300
10001130:	20000940 	.word	0x20000940
10001134:	f4240000 	.word	0xf4240000
10001138:	01e84800 	.word	0x01e84800

1000113c <SystemInit>:
1000113c:	b508      	push	{r3, lr}
1000113e:	f7ff ffe1 	bl	10001104 <SystemCoreClockUpdate>
10001142:	bd08      	pop	{r3, pc}

10001144 <main>:
10001144:	b5f7      	push	{r0, r1, r2, r4, r5, r6, r7, lr}
10001146:	f000 fac5 	bl	100016d4 <DAVE_Init>
1000114a:	4b30      	ldr	r3, [pc, #192]	; (1000120c <main+0xc8>)
1000114c:	4a30      	ldr	r2, [pc, #192]	; (10001210 <main+0xcc>)
1000114e:	6959      	ldr	r1, [r3, #20]
10001150:	24c0      	movs	r4, #192	; 0xc0
10001152:	400a      	ands	r2, r1
10001154:	615a      	str	r2, [r3, #20]
10001156:	6958      	ldr	r0, [r3, #20]
10001158:	0225      	lsls	r5, r4, #8
1000115a:	4305      	orrs	r5, r0
1000115c:	2620      	movs	r6, #32
1000115e:	615d      	str	r5, [r3, #20]
10001160:	605e      	str	r6, [r3, #4]
10001162:	695f      	ldr	r7, [r3, #20]
10001164:	492b      	ldr	r1, [pc, #172]	; (10001214 <main+0xd0>)
10001166:	2280      	movs	r2, #128	; 0x80
10001168:	4039      	ands	r1, r7
1000116a:	6159      	str	r1, [r3, #20]
1000116c:	6958      	ldr	r0, [r3, #20]
1000116e:	0354      	lsls	r4, r2, #13
10001170:	4304      	orrs	r4, r0
10001172:	615c      	str	r4, [r3, #20]
10001174:	6c1d      	ldr	r5, [r3, #64]	; 0x40
10001176:	2680      	movs	r6, #128	; 0x80
10001178:	04f7      	lsls	r7, r6, #19
1000117a:	432f      	orrs	r7, r5
1000117c:	641f      	str	r7, [r3, #64]	; 0x40
1000117e:	6a5a      	ldr	r2, [r3, #36]	; 0x24
10001180:	4a25      	ldr	r2, [pc, #148]	; (10001218 <main+0xd4>)
10001182:	20f8      	movs	r0, #248	; 0xf8
10001184:	6951      	ldr	r1, [r2, #20]
10001186:	2510      	movs	r5, #16
10001188:	4381      	bics	r1, r0
1000118a:	6151      	str	r1, [r2, #20]
1000118c:	6954      	ldr	r4, [r2, #20]
1000118e:	2780      	movs	r7, #128	; 0x80
10001190:	432c      	orrs	r4, r5
10001192:	6154      	str	r4, [r2, #20]
10001194:	6c16      	ldr	r6, [r2, #64]	; 0x40
10001196:	02f9      	lsls	r1, r7, #11
10001198:	4331      	orrs	r1, r6
1000119a:	6411      	str	r1, [r2, #64]	; 0x40
1000119c:	6a52      	ldr	r2, [r2, #36]	; 0x24
1000119e:	4d1f      	ldr	r5, [pc, #124]	; (1000121c <main+0xd8>)
100011a0:	22d1      	movs	r2, #209	; 0xd1
100011a2:	0116      	lsls	r6, r2, #4
100011a4:	59a8      	ldr	r0, [r5, r6]
100011a6:	491e      	ldr	r1, [pc, #120]	; (10001220 <main+0xdc>)
100011a8:	2404      	movs	r4, #4
100011aa:	4320      	orrs	r0, r4
100011ac:	51a8      	str	r0, [r5, r6]
100011ae:	680d      	ldr	r5, [r1, #0]
100011b0:	790f      	ldrb	r7, [r1, #4]
100011b2:	9501      	str	r5, [sp, #4]
100011b4:	2d00      	cmp	r5, #0
100011b6:	dc01      	bgt.n	100011bc <main+0x78>
100011b8:	2201      	movs	r2, #1
100011ba:	9201      	str	r2, [sp, #4]
100011bc:	6889      	ldr	r1, [r1, #8]
100011be:	2200      	movs	r2, #0
100011c0:	1c0c      	adds	r4, r1, #0
100011c2:	4e18      	ldr	r6, [pc, #96]	; (10001224 <main+0xe0>)
100011c4:	3401      	adds	r4, #1
100011c6:	42b4      	cmp	r4, r6
100011c8:	d107      	bne.n	100011da <main+0x96>
100011ca:	4817      	ldr	r0, [pc, #92]	; (10001228 <main+0xe4>)
100011cc:	4282      	cmp	r2, r0
100011ce:	dc02      	bgt.n	100011d6 <main+0x92>
100011d0:	3201      	adds	r2, #1
100011d2:	2a0a      	cmp	r2, #10
100011d4:	dd01      	ble.n	100011da <main+0x96>
100011d6:	bf20      	wfe
100011d8:	2200      	movs	r2, #0
100011da:	2064      	movs	r0, #100	; 0x64
100011dc:	3801      	subs	r0, #1
100011de:	6a5e      	ldr	r6, [r3, #36]	; 0x24
100011e0:	2800      	cmp	r0, #0
100011e2:	d1fb      	bne.n	100011dc <main+0x98>
100011e4:	1a66      	subs	r6, r4, r1
100011e6:	42ae      	cmp	r6, r5
100011e8:	dbeb      	blt.n	100011c2 <main+0x7e>
100011ea:	2f00      	cmp	r7, #0
100011ec:	d107      	bne.n	100011fe <main+0xba>
100011ee:	4f0e      	ldr	r7, [pc, #56]	; (10001228 <main+0xe4>)
100011f0:	42ba      	cmp	r2, r7
100011f2:	dc02      	bgt.n	100011fa <main+0xb6>
100011f4:	3201      	adds	r2, #1
100011f6:	2a01      	cmp	r2, #1
100011f8:	dd02      	ble.n	10001200 <main+0xbc>
100011fa:	2420      	movs	r4, #32
100011fc:	e001      	b.n	10001202 <main+0xbe>
100011fe:	1c02      	adds	r2, r0, #0
10001200:	4c0a      	ldr	r4, [pc, #40]	; (1000122c <main+0xe8>)
10001202:	9801      	ldr	r0, [sp, #4]
10001204:	605c      	str	r4, [r3, #4]
10001206:	1809      	adds	r1, r1, r0
10001208:	2700      	movs	r7, #0
1000120a:	e7d9      	b.n	100011c0 <main+0x7c>
1000120c:	40040000 	.word	0x40040000
10001210:	ffff07ff 	.word	0xffff07ff
10001214:	ff07ffff 	.word	0xff07ffff
10001218:	40040100 	.word	0x40040100
1000121c:	e000e000 	.word	0xe000e000
10001220:	20000920 	.word	0x20000920
10001224:	0000ffff 	.word	0x0000ffff
10001228:	0000fffe 	.word	0x0000fffe
1000122c:	00200020 	.word	0x00200020

10001230 <ERU0_3_IRQHandler>:
10001230:	b537      	push	{r0, r1, r2, r4, r5, lr}
10001232:	4d0f      	ldr	r5, [pc, #60]	; (10001270 <ERU0_3_IRQHandler+0x40>)
10001234:	792b      	ldrb	r3, [r5, #4]
10001236:	682a      	ldr	r2, [r5, #0]
10001238:	3304      	adds	r3, #4
1000123a:	0098      	lsls	r0, r3, #2
1000123c:	5881      	ldr	r1, [r0, r2]
1000123e:	060a      	lsls	r2, r1, #24
10001240:	d515      	bpl.n	1000126e <ERU0_3_IRQHandler+0x3e>
10001242:	4c0c      	ldr	r4, [pc, #48]	; (10001274 <ERU0_3_IRQHandler+0x44>)
10001244:	2201      	movs	r2, #1
10001246:	4b0c      	ldr	r3, [pc, #48]	; (10001278 <ERU0_3_IRQHandler+0x48>)
10001248:	7122      	strb	r2, [r4, #4]
1000124a:	6a58      	ldr	r0, [r3, #36]	; 0x24
1000124c:	06c2      	lsls	r2, r0, #27
1000124e:	d503      	bpl.n	10001258 <ERU0_3_IRQHandler+0x28>
10001250:	68a2      	ldr	r2, [r4, #8]
10001252:	1053      	asrs	r3, r2, #1
10001254:	6023      	str	r3, [r4, #0]
10001256:	e005      	b.n	10001264 <ERU0_3_IRQHandler+0x34>
10001258:	68a1      	ldr	r1, [r4, #8]
1000125a:	00c8      	lsls	r0, r1, #3
1000125c:	210a      	movs	r1, #10
1000125e:	f000 fab1 	bl	100017c4 <__aeabi_idiv>
10001262:	6020      	str	r0, [r4, #0]
10001264:	2000      	movs	r0, #0
10001266:	60a0      	str	r0, [r4, #8]
10001268:	cd07      	ldmia	r5!, {r0, r1, r2}
1000126a:	f000 fa27 	bl	100016bc <ERU001_ClearFlag>
1000126e:	bd37      	pop	{r0, r1, r2, r4, r5, pc}
10001270:	100018f8 	.word	0x100018f8
10001274:	20000920 	.word	0x20000920
10001278:	40040100 	.word	0x40040100

1000127c <PWM_Period_Interrupt>:
1000127c:	b538      	push	{r3, r4, r5, lr}
1000127e:	4c09      	ldr	r4, [pc, #36]	; (100012a4 <PWM_Period_Interrupt+0x28>)
10001280:	68e3      	ldr	r3, [r4, #12]
10001282:	2b00      	cmp	r3, #0
10001284:	d109      	bne.n	1000129a <PWM_Period_Interrupt+0x1e>
10001286:	6925      	ldr	r5, [r4, #16]
10001288:	2107      	movs	r1, #7
1000128a:	1c28      	adds	r0, r5, #0
1000128c:	f000 fa90 	bl	100017b0 <__aeabi_uidivmod>
10001290:	3101      	adds	r1, #1
10001292:	0089      	lsls	r1, r1, #2
10001294:	3501      	adds	r5, #1
10001296:	60e1      	str	r1, [r4, #12]
10001298:	6125      	str	r5, [r4, #16]
1000129a:	68e0      	ldr	r0, [r4, #12]
1000129c:	3801      	subs	r0, #1
1000129e:	60e0      	str	r0, [r4, #12]
100012a0:	bd38      	pop	{r3, r4, r5, pc}
100012a2:	46c0      	nop			; (mov r8, r8)
100012a4:	20000920 	.word	0x20000920

100012a8 <_open>:
100012a8:	2001      	movs	r0, #1
100012aa:	4240      	negs	r0, r0
100012ac:	4770      	bx	lr

100012ae <_lseek>:
100012ae:	2001      	movs	r0, #1
100012b0:	4240      	negs	r0, r0
100012b2:	4770      	bx	lr

100012b4 <_read>:
100012b4:	2000      	movs	r0, #0
100012b6:	4770      	bx	lr

100012b8 <_write>:
100012b8:	2001      	movs	r0, #1
100012ba:	4240      	negs	r0, r0
100012bc:	4770      	bx	lr

100012be <_close>:
100012be:	2001      	movs	r0, #1
100012c0:	4240      	negs	r0, r0
100012c2:	4770      	bx	lr

100012c4 <_fstat>:
100012c4:	4248      	negs	r0, r1
100012c6:	4148      	adcs	r0, r1
100012c8:	43c0      	mvns	r0, r0
100012ca:	4770      	bx	lr

100012cc <_link>:
100012cc:	1a40      	subs	r0, r0, r1
100012ce:	1e43      	subs	r3, r0, #1
100012d0:	4198      	sbcs	r0, r3
100012d2:	43c0      	mvns	r0, r0
100012d4:	4770      	bx	lr

100012d6 <_unlink>:
100012d6:	2001      	movs	r0, #1
100012d8:	4240      	negs	r0, r0
100012da:	4770      	bx	lr

100012dc <_sbrk>:
100012dc:	4b0a      	ldr	r3, [pc, #40]	; (10001308 <_sbrk+0x2c>)
100012de:	681a      	ldr	r2, [r3, #0]
100012e0:	2a00      	cmp	r2, #0
100012e2:	d104      	bne.n	100012ee <_sbrk+0x12>
100012e4:	4a09      	ldr	r2, [pc, #36]	; (1000130c <_sbrk+0x30>)
100012e6:	490a      	ldr	r1, [pc, #40]	; (10001310 <_sbrk+0x34>)
100012e8:	601a      	str	r2, [r3, #0]
100012ea:	1852      	adds	r2, r2, r1
100012ec:	605a      	str	r2, [r3, #4]
100012ee:	681a      	ldr	r2, [r3, #0]
100012f0:	1dd1      	adds	r1, r2, #7
100012f2:	1808      	adds	r0, r1, r0
100012f4:	2107      	movs	r1, #7
100012f6:	4388      	bics	r0, r1
100012f8:	6859      	ldr	r1, [r3, #4]
100012fa:	4288      	cmp	r0, r1
100012fc:	d201      	bcs.n	10001302 <_sbrk+0x26>
100012fe:	6018      	str	r0, [r3, #0]
10001300:	e000      	b.n	10001304 <_sbrk+0x28>
10001302:	2200      	movs	r2, #0
10001304:	1c10      	adds	r0, r2, #0
10001306:	4770      	bx	lr
10001308:	20000934 	.word	0x20000934
1000130c:	20000960 	.word	0x20000960
10001310:	000036a0 	.word	0x000036a0

10001314 <_times>:
10001314:	2001      	movs	r0, #1
10001316:	4240      	negs	r0, r0
10001318:	4770      	bx	lr

1000131a <_wait>:
1000131a:	2001      	movs	r0, #1
1000131c:	4240      	negs	r0, r0
1000131e:	4770      	bx	lr

10001320 <_kill>:
10001320:	2001      	movs	r0, #1
10001322:	4240      	negs	r0, r0
10001324:	4770      	bx	lr

10001326 <_fork>:
10001326:	2001      	movs	r0, #1
10001328:	4240      	negs	r0, r0
1000132a:	4770      	bx	lr

1000132c <_getpid>:
1000132c:	2001      	movs	r0, #1
1000132e:	4240      	negs	r0, r0
10001330:	4770      	bx	lr

10001332 <_exit>:
10001332:	e7fe      	b.n	10001332 <_exit>

10001334 <_init>:
10001334:	4770      	bx	lr

10001336 <_isatty>:
10001336:	2001      	movs	r0, #1
10001338:	4240      	negs	r0, r0
1000133a:	4770      	bx	lr

1000133c <NVIC002_Init>:
1000133c:	b5f0      	push	{r4, r5, r6, r7, lr}
1000133e:	4b1c      	ldr	r3, [pc, #112]	; (100013b0 <NVIC002_Init+0x74>)
10001340:	681b      	ldr	r3, [r3, #0]
10001342:	781a      	ldrb	r2, [r3, #0]
10001344:	785d      	ldrb	r5, [r3, #1]
10001346:	b250      	sxtb	r0, r2
10001348:	01ad      	lsls	r5, r5, #6
1000134a:	2800      	cmp	r0, #0
1000134c:	da14      	bge.n	10001378 <NVIC002_Init+0x3c>
1000134e:	210f      	movs	r1, #15
10001350:	4011      	ands	r1, r2
10001352:	3908      	subs	r1, #8
10001354:	0888      	lsrs	r0, r1, #2
10001356:	4c17      	ldr	r4, [pc, #92]	; (100013b4 <NVIC002_Init+0x78>)
10001358:	0086      	lsls	r6, r0, #2
1000135a:	2003      	movs	r0, #3
1000135c:	1937      	adds	r7, r6, r4
1000135e:	4002      	ands	r2, r0
10001360:	24ff      	movs	r4, #255	; 0xff
10001362:	6879      	ldr	r1, [r7, #4]
10001364:	4082      	lsls	r2, r0
10001366:	1c26      	adds	r6, r4, #0
10001368:	4096      	lsls	r6, r2
1000136a:	402c      	ands	r4, r5
1000136c:	43b1      	bics	r1, r6
1000136e:	4094      	lsls	r4, r2
10001370:	1c0d      	adds	r5, r1, #0
10001372:	4325      	orrs	r5, r4
10001374:	607d      	str	r5, [r7, #4]
10001376:	e010      	b.n	1000139a <NVIC002_Init+0x5e>
10001378:	0884      	lsrs	r4, r0, #2
1000137a:	2703      	movs	r7, #3
1000137c:	490e      	ldr	r1, [pc, #56]	; (100013b8 <NVIC002_Init+0x7c>)
1000137e:	34c0      	adds	r4, #192	; 0xc0
10001380:	00a0      	lsls	r0, r4, #2
10001382:	403a      	ands	r2, r7
10001384:	24ff      	movs	r4, #255	; 0xff
10001386:	40ba      	lsls	r2, r7
10001388:	5846      	ldr	r6, [r0, r1]
1000138a:	1c27      	adds	r7, r4, #0
1000138c:	4097      	lsls	r7, r2
1000138e:	43be      	bics	r6, r7
10001390:	402c      	ands	r4, r5
10001392:	4094      	lsls	r4, r2
10001394:	1c32      	adds	r2, r6, #0
10001396:	4322      	orrs	r2, r4
10001398:	5042      	str	r2, [r0, r1]
1000139a:	78da      	ldrb	r2, [r3, #3]
1000139c:	2a01      	cmp	r2, #1
1000139e:	d105      	bne.n	100013ac <NVIC002_Init+0x70>
100013a0:	781f      	ldrb	r7, [r3, #0]
100013a2:	231f      	movs	r3, #31
100013a4:	403b      	ands	r3, r7
100013a6:	4904      	ldr	r1, [pc, #16]	; (100013b8 <NVIC002_Init+0x7c>)
100013a8:	409a      	lsls	r2, r3
100013aa:	600a      	str	r2, [r1, #0]
100013ac:	bdf0      	pop	{r4, r5, r6, r7, pc}
100013ae:	46c0      	nop			; (mov r8, r8)
100013b0:	20000950 	.word	0x20000950
100013b4:	e000ed18 	.word	0xe000ed18
100013b8:	e000e100 	.word	0xe000e100

100013bc <IO002_Init>:
100013bc:	4b49      	ldr	r3, [pc, #292]	; (100014e4 <IO002_Init+0x128>)
100013be:	b530      	push	{r4, r5, lr}
100013c0:	681b      	ldr	r3, [r3, #0]
100013c2:	69d9      	ldr	r1, [r3, #28]
100013c4:	785a      	ldrb	r2, [r3, #1]
100013c6:	2901      	cmp	r1, #1
100013c8:	d103      	bne.n	100013d2 <IO002_Init+0x16>
100013ca:	685c      	ldr	r4, [r3, #4]
100013cc:	6c18      	ldr	r0, [r3, #64]	; 0x40
100013ce:	4094      	lsls	r4, r2
100013d0:	6044      	str	r4, [r0, #4]
100013d2:	68dd      	ldr	r5, [r3, #12]
100013d4:	2d01      	cmp	r5, #1
100013d6:	d105      	bne.n	100013e4 <IO002_Init+0x28>
100013d8:	6c18      	ldr	r0, [r3, #64]	; 0x40
100013da:	2402      	movs	r4, #2
100013dc:	6f45      	ldr	r5, [r0, #116]	; 0x74
100013de:	4094      	lsls	r4, r2
100013e0:	432c      	orrs	r4, r5
100013e2:	6744      	str	r4, [r0, #116]	; 0x74
100013e4:	2901      	cmp	r1, #1
100013e6:	d123      	bne.n	10001430 <IO002_Init+0x74>
100013e8:	2a03      	cmp	r2, #3
100013ea:	d805      	bhi.n	100013f8 <IO002_Init+0x3c>
100013ec:	6c1c      	ldr	r4, [r3, #64]	; 0x40
100013ee:	00d2      	lsls	r2, r2, #3
100013f0:	6921      	ldr	r1, [r4, #16]
100013f2:	3203      	adds	r2, #3
100013f4:	6a58      	ldr	r0, [r3, #36]	; 0x24
100013f6:	e049      	b.n	1000148c <IO002_Init+0xd0>
100013f8:	1f15      	subs	r5, r2, #4
100013fa:	2d03      	cmp	r5, #3
100013fc:	d805      	bhi.n	1000140a <IO002_Init+0x4e>
100013fe:	6c1a      	ldr	r2, [r3, #64]	; 0x40
10001400:	00ed      	lsls	r5, r5, #3
10001402:	6950      	ldr	r0, [r2, #20]
10001404:	3503      	adds	r5, #3
10001406:	6a5b      	ldr	r3, [r3, #36]	; 0x24
10001408:	e04d      	b.n	100014a6 <IO002_Init+0xea>
1000140a:	1c14      	adds	r4, r2, #0
1000140c:	3c08      	subs	r4, #8
1000140e:	2c03      	cmp	r4, #3
10001410:	d805      	bhi.n	1000141e <IO002_Init+0x62>
10001412:	6c1d      	ldr	r5, [r3, #64]	; 0x40
10001414:	00e4      	lsls	r4, r4, #3
10001416:	69a8      	ldr	r0, [r5, #24]
10001418:	3403      	adds	r4, #3
1000141a:	6a59      	ldr	r1, [r3, #36]	; 0x24
1000141c:	e051      	b.n	100014c2 <IO002_Init+0x106>
1000141e:	3a0c      	subs	r2, #12
10001420:	2a03      	cmp	r2, #3
10001422:	d85d      	bhi.n	100014e0 <IO002_Init+0x124>
10001424:	6c19      	ldr	r1, [r3, #64]	; 0x40
10001426:	00d2      	lsls	r2, r2, #3
10001428:	69c8      	ldr	r0, [r1, #28]
1000142a:	3203      	adds	r2, #3
1000142c:	6a5b      	ldr	r3, [r3, #36]	; 0x24
1000142e:	e054      	b.n	100014da <IO002_Init+0x11e>
10001430:	2900      	cmp	r1, #0
10001432:	d155      	bne.n	100014e0 <IO002_Init+0x124>
10001434:	6a19      	ldr	r1, [r3, #32]
10001436:	2901      	cmp	r1, #1
10001438:	d10f      	bne.n	1000145a <IO002_Init+0x9e>
1000143a:	2a07      	cmp	r2, #7
1000143c:	d804      	bhi.n	10001448 <IO002_Init+0x8c>
1000143e:	6c1d      	ldr	r5, [r3, #64]	; 0x40
10001440:	6b99      	ldr	r1, [r3, #56]	; 0x38
10001442:	6c28      	ldr	r0, [r5, #64]	; 0x40
10001444:	4308      	orrs	r0, r1
10001446:	e00e      	b.n	10001466 <IO002_Init+0xaa>
10001448:	1c14      	adds	r4, r2, #0
1000144a:	3c08      	subs	r4, #8
1000144c:	2c07      	cmp	r4, #7
1000144e:	d822      	bhi.n	10001496 <IO002_Init+0xda>
10001450:	6c1d      	ldr	r5, [r3, #64]	; 0x40
10001452:	6bd8      	ldr	r0, [r3, #60]	; 0x3c
10001454:	6c69      	ldr	r1, [r5, #68]	; 0x44
10001456:	4301      	orrs	r1, r0
10001458:	e016      	b.n	10001488 <IO002_Init+0xcc>
1000145a:	2a07      	cmp	r2, #7
1000145c:	d80c      	bhi.n	10001478 <IO002_Init+0xbc>
1000145e:	6c1d      	ldr	r5, [r3, #64]	; 0x40
10001460:	6b99      	ldr	r1, [r3, #56]	; 0x38
10001462:	6c28      	ldr	r0, [r5, #64]	; 0x40
10001464:	4388      	bics	r0, r1
10001466:	6428      	str	r0, [r5, #64]	; 0x40
10001468:	2a03      	cmp	r2, #3
1000146a:	d814      	bhi.n	10001496 <IO002_Init+0xda>
1000146c:	6c1c      	ldr	r4, [r3, #64]	; 0x40
1000146e:	00d2      	lsls	r2, r2, #3
10001470:	6921      	ldr	r1, [r4, #16]
10001472:	3203      	adds	r2, #3
10001474:	6958      	ldr	r0, [r3, #20]
10001476:	e009      	b.n	1000148c <IO002_Init+0xd0>
10001478:	1c10      	adds	r0, r2, #0
1000147a:	3808      	subs	r0, #8
1000147c:	2807      	cmp	r0, #7
1000147e:	d80a      	bhi.n	10001496 <IO002_Init+0xda>
10001480:	6c1d      	ldr	r5, [r3, #64]	; 0x40
10001482:	6bdc      	ldr	r4, [r3, #60]	; 0x3c
10001484:	6c69      	ldr	r1, [r5, #68]	; 0x44
10001486:	43a1      	bics	r1, r4
10001488:	6469      	str	r1, [r5, #68]	; 0x44
1000148a:	e004      	b.n	10001496 <IO002_Init+0xda>
1000148c:	4090      	lsls	r0, r2
1000148e:	1c02      	adds	r2, r0, #0
10001490:	430a      	orrs	r2, r1
10001492:	6122      	str	r2, [r4, #16]
10001494:	e024      	b.n	100014e0 <IO002_Init+0x124>
10001496:	1f15      	subs	r5, r2, #4
10001498:	2d03      	cmp	r5, #3
1000149a:	d809      	bhi.n	100014b0 <IO002_Init+0xf4>
1000149c:	6c1a      	ldr	r2, [r3, #64]	; 0x40
1000149e:	00ed      	lsls	r5, r5, #3
100014a0:	6950      	ldr	r0, [r2, #20]
100014a2:	695b      	ldr	r3, [r3, #20]
100014a4:	3503      	adds	r5, #3
100014a6:	40ab      	lsls	r3, r5
100014a8:	1c1d      	adds	r5, r3, #0
100014aa:	4305      	orrs	r5, r0
100014ac:	6155      	str	r5, [r2, #20]
100014ae:	e017      	b.n	100014e0 <IO002_Init+0x124>
100014b0:	1c14      	adds	r4, r2, #0
100014b2:	3c08      	subs	r4, #8
100014b4:	2c03      	cmp	r4, #3
100014b6:	d808      	bhi.n	100014ca <IO002_Init+0x10e>
100014b8:	6c1d      	ldr	r5, [r3, #64]	; 0x40
100014ba:	00e4      	lsls	r4, r4, #3
100014bc:	69a8      	ldr	r0, [r5, #24]
100014be:	6959      	ldr	r1, [r3, #20]
100014c0:	3403      	adds	r4, #3
100014c2:	40a1      	lsls	r1, r4
100014c4:	4301      	orrs	r1, r0
100014c6:	61a9      	str	r1, [r5, #24]
100014c8:	e00a      	b.n	100014e0 <IO002_Init+0x124>
100014ca:	3a0c      	subs	r2, #12
100014cc:	2a03      	cmp	r2, #3
100014ce:	d807      	bhi.n	100014e0 <IO002_Init+0x124>
100014d0:	6c19      	ldr	r1, [r3, #64]	; 0x40
100014d2:	00d2      	lsls	r2, r2, #3
100014d4:	69c8      	ldr	r0, [r1, #28]
100014d6:	695b      	ldr	r3, [r3, #20]
100014d8:	3203      	adds	r2, #3
100014da:	4093      	lsls	r3, r2
100014dc:	4303      	orrs	r3, r0
100014de:	61cb      	str	r3, [r1, #28]
100014e0:	bd30      	pop	{r4, r5, pc}
100014e2:	46c0      	nop			; (mov r8, r8)
100014e4:	20000954 	.word	0x20000954

100014e8 <IO002_ReadPin>:
100014e8:	b084      	sub	sp, #16
100014ea:	9303      	str	r3, [sp, #12]
100014ec:	9b10      	ldr	r3, [sp, #64]	; 0x40
100014ee:	9000      	str	r0, [sp, #0]
100014f0:	9101      	str	r1, [sp, #4]
100014f2:	9202      	str	r2, [sp, #8]
100014f4:	4669      	mov	r1, sp
100014f6:	6a58      	ldr	r0, [r3, #36]	; 0x24
100014f8:	784a      	ldrb	r2, [r1, #1]
100014fa:	2301      	movs	r3, #1
100014fc:	40d0      	lsrs	r0, r2
100014fe:	4018      	ands	r0, r3
10001500:	b004      	add	sp, #16
10001502:	4770      	bx	lr

10001504 <IO002_SetPin>:
10001504:	b084      	sub	sp, #16
10001506:	b510      	push	{r4, lr}
10001508:	0a04      	lsrs	r4, r0, #8
1000150a:	9002      	str	r0, [sp, #8]
1000150c:	9204      	str	r2, [sp, #16]
1000150e:	9305      	str	r3, [sp, #20]
10001510:	b2e0      	uxtb	r0, r4
10001512:	9a12      	ldr	r2, [sp, #72]	; 0x48
10001514:	2301      	movs	r3, #1
10001516:	4083      	lsls	r3, r0
10001518:	9103      	str	r1, [sp, #12]
1000151a:	6053      	str	r3, [r2, #4]
1000151c:	bc10      	pop	{r4}
1000151e:	bc08      	pop	{r3}
10001520:	b004      	add	sp, #16
10001522:	4718      	bx	r3

10001524 <IO002_ResetPin>:
10001524:	b084      	sub	sp, #16
10001526:	b510      	push	{r4, lr}
10001528:	0a04      	lsrs	r4, r0, #8
1000152a:	9305      	str	r3, [sp, #20]
1000152c:	2380      	movs	r3, #128	; 0x80
1000152e:	9002      	str	r0, [sp, #8]
10001530:	9103      	str	r1, [sp, #12]
10001532:	b2e0      	uxtb	r0, r4
10001534:	0259      	lsls	r1, r3, #9
10001536:	9c12      	ldr	r4, [sp, #72]	; 0x48
10001538:	4081      	lsls	r1, r0
1000153a:	9204      	str	r2, [sp, #16]
1000153c:	6061      	str	r1, [r4, #4]
1000153e:	bc10      	pop	{r4}
10001540:	bc08      	pop	{r3}
10001542:	b004      	add	sp, #16
10001544:	4718      	bx	r3

10001546 <IO002_SetOutputValue>:
10001546:	b084      	sub	sp, #16
10001548:	b510      	push	{r4, lr}
1000154a:	9204      	str	r2, [sp, #16]
1000154c:	9a15      	ldr	r2, [sp, #84]	; 0x54
1000154e:	0a04      	lsrs	r4, r0, #8
10001550:	9002      	str	r0, [sp, #8]
10001552:	9305      	str	r3, [sp, #20]
10001554:	9103      	str	r1, [sp, #12]
10001556:	b2e0      	uxtb	r0, r4
10001558:	9b12      	ldr	r3, [sp, #72]	; 0x48
1000155a:	2a00      	cmp	r2, #0
1000155c:	d001      	beq.n	10001562 <IO002_SetOutputValue+0x1c>
1000155e:	2401      	movs	r4, #1
10001560:	e001      	b.n	10001566 <IO002_SetOutputValue+0x20>
10001562:	2180      	movs	r1, #128	; 0x80
10001564:	024c      	lsls	r4, r1, #9
10001566:	4084      	lsls	r4, r0
10001568:	605c      	str	r4, [r3, #4]
1000156a:	bc10      	pop	{r4}
1000156c:	bc08      	pop	{r3}
1000156e:	b004      	add	sp, #16
10001570:	4718      	bx	r3
	...

10001574 <IO002_TogglePin>:
10001574:	b084      	sub	sp, #16
10001576:	b510      	push	{r4, lr}
10001578:	0a04      	lsrs	r4, r0, #8
1000157a:	9305      	str	r3, [sp, #20]
1000157c:	4b05      	ldr	r3, [pc, #20]	; (10001594 <IO002_TogglePin+0x20>)
1000157e:	9002      	str	r0, [sp, #8]
10001580:	9204      	str	r2, [sp, #16]
10001582:	b2e0      	uxtb	r0, r4
10001584:	9a12      	ldr	r2, [sp, #72]	; 0x48
10001586:	4083      	lsls	r3, r0
10001588:	9103      	str	r1, [sp, #12]
1000158a:	6053      	str	r3, [r2, #4]
1000158c:	bc10      	pop	{r4}
1000158e:	bc08      	pop	{r3}
10001590:	b004      	add	sp, #16
10001592:	4718      	bx	r3
10001594:	00010001 	.word	0x00010001

10001598 <IO002_DisableOutputDriver>:
10001598:	4770      	bx	lr

1000159a <IO002_EnableOutputDriver>:
1000159a:	4770      	bx	lr

1000159c <ERU002_lInit>:
1000159c:	6881      	ldr	r1, [r0, #8]
1000159e:	6842      	ldr	r2, [r0, #4]
100015a0:	6803      	ldr	r3, [r0, #0]
100015a2:	68c0      	ldr	r0, [r0, #12]
100015a4:	b530      	push	{r4, r5, lr}
100015a6:	3208      	adds	r2, #8
100015a8:	010d      	lsls	r5, r1, #4
100015aa:	2130      	movs	r1, #48	; 0x30
100015ac:	400d      	ands	r5, r1
100015ae:	0092      	lsls	r2, r2, #2
100015b0:	0081      	lsls	r1, r0, #2
100015b2:	2004      	movs	r0, #4
100015b4:	58d4      	ldr	r4, [r2, r3]
100015b6:	4001      	ands	r1, r0
100015b8:	4329      	orrs	r1, r5
100015ba:	4321      	orrs	r1, r4
100015bc:	50d1      	str	r1, [r2, r3]
100015be:	bd30      	pop	{r4, r5, pc}

100015c0 <ERU002_Init>:
100015c0:	b508      	push	{r3, lr}
100015c2:	4b02      	ldr	r3, [pc, #8]	; (100015cc <ERU002_Init+0xc>)
100015c4:	6818      	ldr	r0, [r3, #0]
100015c6:	f7ff ffe9 	bl	1000159c <ERU002_lInit>
100015ca:	bd08      	pop	{r3, pc}
100015cc:	20000958 	.word	0x20000958

100015d0 <ERU002_SetPeripheralTrigInputSrc>:
100015d0:	1c02      	adds	r2, r0, #0
100015d2:	6803      	ldr	r3, [r0, #0]
100015d4:	b510      	push	{r4, lr}
100015d6:	200f      	movs	r0, #15
100015d8:	2903      	cmp	r1, #3
100015da:	d80a      	bhi.n	100015f2 <ERU002_SetPeripheralTrigInputSrc+0x22>
100015dc:	2b00      	cmp	r3, #0
100015de:	d008      	beq.n	100015f2 <ERU002_SetPeripheralTrigInputSrc+0x22>
100015e0:	6850      	ldr	r0, [r2, #4]
100015e2:	2403      	movs	r4, #3
100015e4:	3008      	adds	r0, #8
100015e6:	0082      	lsls	r2, r0, #2
100015e8:	58d0      	ldr	r0, [r2, r3]
100015ea:	43a0      	bics	r0, r4
100015ec:	4301      	orrs	r1, r0
100015ee:	50d1      	str	r1, [r2, r3]
100015f0:	2001      	movs	r0, #1
100015f2:	bd10      	pop	{r4, pc}

100015f4 <ERU002_GetPatternResult>:
100015f4:	b51f      	push	{r0, r1, r2, r3, r4, lr}
100015f6:	1c04      	adds	r4, r0, #0
100015f8:	9000      	str	r0, [sp, #0]
100015fa:	1c08      	adds	r0, r1, #0
100015fc:	3008      	adds	r0, #8
100015fe:	9101      	str	r1, [sp, #4]
10001600:	0081      	lsls	r1, r0, #2
10001602:	9202      	str	r2, [sp, #8]
10001604:	590a      	ldr	r2, [r1, r4]
10001606:	9303      	str	r3, [sp, #12]
10001608:	0713      	lsls	r3, r2, #28
1000160a:	0fd8      	lsrs	r0, r3, #31
1000160c:	b004      	add	sp, #16
1000160e:	bd10      	pop	{r4, pc}

10001610 <ERU002_EnablePatternDetection>:
10001610:	2800      	cmp	r0, #0
10001612:	d007      	beq.n	10001624 <ERU002_EnablePatternDetection+0x14>
10001614:	6842      	ldr	r2, [r0, #4]
10001616:	6803      	ldr	r3, [r0, #0]
10001618:	3208      	adds	r2, #8
1000161a:	0092      	lsls	r2, r2, #2
1000161c:	58d1      	ldr	r1, [r2, r3]
1000161e:	2004      	movs	r0, #4
10001620:	4301      	orrs	r1, r0
10001622:	50d1      	str	r1, [r2, r3]
10001624:	4770      	bx	lr

10001626 <ERU002_DisablePatternDetection>:
10001626:	2800      	cmp	r0, #0
10001628:	d007      	beq.n	1000163a <ERU002_DisablePatternDetection+0x14>
1000162a:	6842      	ldr	r2, [r0, #4]
1000162c:	6803      	ldr	r3, [r0, #0]
1000162e:	3208      	adds	r2, #8
10001630:	0092      	lsls	r2, r2, #2
10001632:	58d1      	ldr	r1, [r2, r3]
10001634:	2004      	movs	r0, #4
10001636:	4381      	bics	r1, r0
10001638:	50d1      	str	r1, [r2, r3]
1000163a:	4770      	bx	lr

1000163c <ERU002_SelectServiceRequestMode>:
1000163c:	b510      	push	{r4, lr}
1000163e:	2800      	cmp	r0, #0
10001640:	d00a      	beq.n	10001658 <ERU002_SelectServiceRequestMode+0x1c>
10001642:	6842      	ldr	r2, [r0, #4]
10001644:	6803      	ldr	r3, [r0, #0]
10001646:	3208      	adds	r2, #8
10001648:	0092      	lsls	r2, r2, #2
1000164a:	58d4      	ldr	r4, [r2, r3]
1000164c:	2030      	movs	r0, #48	; 0x30
1000164e:	0109      	lsls	r1, r1, #4
10001650:	4001      	ands	r1, r0
10001652:	4384      	bics	r4, r0
10001654:	4321      	orrs	r1, r4
10001656:	50d1      	str	r1, [r2, r3]
10001658:	bd10      	pop	{r4, pc}

1000165a <ERU001_lInit>:
1000165a:	b570      	push	{r4, r5, r6, lr}
1000165c:	7902      	ldrb	r2, [r0, #4]
1000165e:	7945      	ldrb	r5, [r0, #5]
10001660:	7981      	ldrb	r1, [r0, #6]
10001662:	6803      	ldr	r3, [r0, #0]
10001664:	2602      	movs	r6, #2
10001666:	3204      	adds	r2, #4
10001668:	006d      	lsls	r5, r5, #1
1000166a:	0092      	lsls	r2, r2, #2
1000166c:	4035      	ands	r5, r6
1000166e:	40b1      	lsls	r1, r6
10001670:	2604      	movs	r6, #4
10001672:	58d4      	ldr	r4, [r2, r3]
10001674:	4031      	ands	r1, r6
10001676:	4329      	orrs	r1, r5
10001678:	4321      	orrs	r1, r4
1000167a:	79c4      	ldrb	r4, [r0, #7]
1000167c:	2508      	movs	r5, #8
1000167e:	00e4      	lsls	r4, r4, #3
10001680:	402c      	ands	r4, r5
10001682:	4321      	orrs	r1, r4
10001684:	7a04      	ldrb	r4, [r0, #8]
10001686:	0225      	lsls	r5, r4, #8
10001688:	24c0      	movs	r4, #192	; 0xc0
1000168a:	00a4      	lsls	r4, r4, #2
1000168c:	402c      	ands	r4, r5
1000168e:	7a45      	ldrb	r5, [r0, #9]
10001690:	4321      	orrs	r1, r4
10001692:	2480      	movs	r4, #128	; 0x80
10001694:	02ad      	lsls	r5, r5, #10
10001696:	00e4      	lsls	r4, r4, #3
10001698:	402c      	ands	r4, r5
1000169a:	7a80      	ldrb	r0, [r0, #10]
1000169c:	4321      	orrs	r1, r4
1000169e:	2480      	movs	r4, #128	; 0x80
100016a0:	02c5      	lsls	r5, r0, #11
100016a2:	40b4      	lsls	r4, r6
100016a4:	402c      	ands	r4, r5
100016a6:	4321      	orrs	r1, r4
100016a8:	50d1      	str	r1, [r2, r3]
100016aa:	bd70      	pop	{r4, r5, r6, pc}

100016ac <ERU001_Init>:
100016ac:	b508      	push	{r3, lr}
100016ae:	4b02      	ldr	r3, [pc, #8]	; (100016b8 <ERU001_Init+0xc>)
100016b0:	6818      	ldr	r0, [r3, #0]
100016b2:	f7ff ffd2 	bl	1000165a <ERU001_lInit>
100016b6:	bd08      	pop	{r3, pc}
100016b8:	2000095c 	.word	0x2000095c

100016bc <ERU001_ClearFlag>:
100016bc:	b51f      	push	{r0, r1, r2, r3, r4, lr}
100016be:	9102      	str	r1, [sp, #8]
100016c0:	b2c9      	uxtb	r1, r1
100016c2:	3104      	adds	r1, #4
100016c4:	008c      	lsls	r4, r1, #2
100016c6:	5823      	ldr	r3, [r4, r0]
100016c8:	9203      	str	r2, [sp, #12]
100016ca:	2280      	movs	r2, #128	; 0x80
100016cc:	4393      	bics	r3, r2
100016ce:	9001      	str	r0, [sp, #4]
100016d0:	5023      	str	r3, [r4, r0]
100016d2:	bd1f      	pop	{r0, r1, r2, r3, r4, pc}

100016d4 <DAVE_Init>:
100016d4:	b508      	push	{r3, lr}
100016d6:	f000 f81f 	bl	10001718 <DAVE_MUX_PreInit>
100016da:	f7ff ff71 	bl	100015c0 <ERU002_Init>
100016de:	f7ff fe6d 	bl	100013bc <IO002_Init>
100016e2:	f7ff fe2b 	bl	1000133c <NVIC002_Init>
100016e6:	f7ff ffe1 	bl	100016ac <ERU001_Init>
100016ea:	f000 f801 	bl	100016f0 <DAVE_MUX_Init>
100016ee:	bd08      	pop	{r3, pc}

100016f0 <DAVE_MUX_Init>:
100016f0:	4b08      	ldr	r3, [pc, #32]	; (10001714 <DAVE_MUX_Init+0x24>)
100016f2:	2230      	movs	r2, #48	; 0x30
100016f4:	6819      	ldr	r1, [r3, #0]
100016f6:	2010      	movs	r0, #16
100016f8:	4391      	bics	r1, r2
100016fa:	4301      	orrs	r1, r0
100016fc:	6019      	str	r1, [r3, #0]
100016fe:	6959      	ldr	r1, [r3, #20]
10001700:	2001      	movs	r0, #1
10001702:	4301      	orrs	r1, r0
10001704:	6159      	str	r1, [r3, #20]
10001706:	6959      	ldr	r1, [r3, #20]
10001708:	2070      	movs	r0, #112	; 0x70
1000170a:	4381      	bics	r1, r0
1000170c:	430a      	orrs	r2, r1
1000170e:	615a      	str	r2, [r3, #20]
10001710:	4770      	bx	lr
10001712:	46c0      	nop			; (mov r8, r8)
10001714:	40010600 	.word	0x40010600

10001718 <DAVE_MUX_PreInit>:
10001718:	4b02      	ldr	r3, [pc, #8]	; (10001724 <DAVE_MUX_PreInit+0xc>)
1000171a:	2120      	movs	r1, #32
1000171c:	6e1a      	ldr	r2, [r3, #96]	; 0x60
1000171e:	438a      	bics	r2, r1
10001720:	661a      	str	r2, [r3, #96]	; 0x60
10001722:	4770      	bx	lr
10001724:	40040200 	.word	0x40040200

10001728 <__aeabi_uidiv>:
10001728:	2900      	cmp	r1, #0
1000172a:	d034      	beq.n	10001796 <.udivsi3_skip_div0_test+0x6a>

1000172c <.udivsi3_skip_div0_test>:
1000172c:	2301      	movs	r3, #1
1000172e:	2200      	movs	r2, #0
10001730:	b410      	push	{r4}
10001732:	4288      	cmp	r0, r1
10001734:	d32c      	bcc.n	10001790 <.udivsi3_skip_div0_test+0x64>
10001736:	2401      	movs	r4, #1
10001738:	0724      	lsls	r4, r4, #28
1000173a:	42a1      	cmp	r1, r4
1000173c:	d204      	bcs.n	10001748 <.udivsi3_skip_div0_test+0x1c>
1000173e:	4281      	cmp	r1, r0
10001740:	d202      	bcs.n	10001748 <.udivsi3_skip_div0_test+0x1c>
10001742:	0109      	lsls	r1, r1, #4
10001744:	011b      	lsls	r3, r3, #4
10001746:	e7f8      	b.n	1000173a <.udivsi3_skip_div0_test+0xe>
10001748:	00e4      	lsls	r4, r4, #3
1000174a:	42a1      	cmp	r1, r4
1000174c:	d204      	bcs.n	10001758 <.udivsi3_skip_div0_test+0x2c>
1000174e:	4281      	cmp	r1, r0
10001750:	d202      	bcs.n	10001758 <.udivsi3_skip_div0_test+0x2c>
10001752:	0049      	lsls	r1, r1, #1
10001754:	005b      	lsls	r3, r3, #1
10001756:	e7f8      	b.n	1000174a <.udivsi3_skip_div0_test+0x1e>
10001758:	4288      	cmp	r0, r1
1000175a:	d301      	bcc.n	10001760 <.udivsi3_skip_div0_test+0x34>
1000175c:	1a40      	subs	r0, r0, r1
1000175e:	431a      	orrs	r2, r3
10001760:	084c      	lsrs	r4, r1, #1
10001762:	42a0      	cmp	r0, r4
10001764:	d302      	bcc.n	1000176c <.udivsi3_skip_div0_test+0x40>
10001766:	1b00      	subs	r0, r0, r4
10001768:	085c      	lsrs	r4, r3, #1
1000176a:	4322      	orrs	r2, r4
1000176c:	088c      	lsrs	r4, r1, #2
1000176e:	42a0      	cmp	r0, r4
10001770:	d302      	bcc.n	10001778 <.udivsi3_skip_div0_test+0x4c>
10001772:	1b00      	subs	r0, r0, r4
10001774:	089c      	lsrs	r4, r3, #2
10001776:	4322      	orrs	r2, r4
10001778:	08cc      	lsrs	r4, r1, #3
1000177a:	42a0      	cmp	r0, r4
1000177c:	d302      	bcc.n	10001784 <.udivsi3_skip_div0_test+0x58>
1000177e:	1b00      	subs	r0, r0, r4
10001780:	08dc      	lsrs	r4, r3, #3
10001782:	4322      	orrs	r2, r4
10001784:	2800      	cmp	r0, #0
10001786:	d003      	beq.n	10001790 <.udivsi3_skip_div0_test+0x64>
10001788:	091b      	lsrs	r3, r3, #4
1000178a:	d001      	beq.n	10001790 <.udivsi3_skip_div0_test+0x64>
1000178c:	0909      	lsrs	r1, r1, #4
1000178e:	e7e3      	b.n	10001758 <.udivsi3_skip_div0_test+0x2c>
10001790:	1c10      	adds	r0, r2, #0
10001792:	bc10      	pop	{r4}
10001794:	4770      	bx	lr
10001796:	2800      	cmp	r0, #0
10001798:	d001      	beq.n	1000179e <.udivsi3_skip_div0_test+0x72>
1000179a:	2000      	movs	r0, #0
1000179c:	43c0      	mvns	r0, r0
1000179e:	b407      	push	{r0, r1, r2}
100017a0:	4802      	ldr	r0, [pc, #8]	; (100017ac <.udivsi3_skip_div0_test+0x80>)
100017a2:	a102      	add	r1, pc, #8	; (adr r1, 100017ac <.udivsi3_skip_div0_test+0x80>)
100017a4:	1840      	adds	r0, r0, r1
100017a6:	9002      	str	r0, [sp, #8]
100017a8:	bd03      	pop	{r0, r1, pc}
100017aa:	46c0      	nop			; (mov r8, r8)
100017ac:	000000d9 	.word	0x000000d9

100017b0 <__aeabi_uidivmod>:
100017b0:	2900      	cmp	r1, #0
100017b2:	d0f0      	beq.n	10001796 <.udivsi3_skip_div0_test+0x6a>
100017b4:	b503      	push	{r0, r1, lr}
100017b6:	f7ff ffb9 	bl	1000172c <.udivsi3_skip_div0_test>
100017ba:	bc0e      	pop	{r1, r2, r3}
100017bc:	4342      	muls	r2, r0
100017be:	1a89      	subs	r1, r1, r2
100017c0:	4718      	bx	r3
100017c2:	46c0      	nop			; (mov r8, r8)

100017c4 <__aeabi_idiv>:
100017c4:	2900      	cmp	r1, #0
100017c6:	d041      	beq.n	1000184c <.divsi3_skip_div0_test+0x84>

100017c8 <.divsi3_skip_div0_test>:
100017c8:	b410      	push	{r4}
100017ca:	1c04      	adds	r4, r0, #0
100017cc:	404c      	eors	r4, r1
100017ce:	46a4      	mov	ip, r4
100017d0:	2301      	movs	r3, #1
100017d2:	2200      	movs	r2, #0
100017d4:	2900      	cmp	r1, #0
100017d6:	d500      	bpl.n	100017da <.divsi3_skip_div0_test+0x12>
100017d8:	4249      	negs	r1, r1
100017da:	2800      	cmp	r0, #0
100017dc:	d500      	bpl.n	100017e0 <.divsi3_skip_div0_test+0x18>
100017de:	4240      	negs	r0, r0
100017e0:	4288      	cmp	r0, r1
100017e2:	d32c      	bcc.n	1000183e <.divsi3_skip_div0_test+0x76>
100017e4:	2401      	movs	r4, #1
100017e6:	0724      	lsls	r4, r4, #28
100017e8:	42a1      	cmp	r1, r4
100017ea:	d204      	bcs.n	100017f6 <.divsi3_skip_div0_test+0x2e>
100017ec:	4281      	cmp	r1, r0
100017ee:	d202      	bcs.n	100017f6 <.divsi3_skip_div0_test+0x2e>
100017f0:	0109      	lsls	r1, r1, #4
100017f2:	011b      	lsls	r3, r3, #4
100017f4:	e7f8      	b.n	100017e8 <.divsi3_skip_div0_test+0x20>
100017f6:	00e4      	lsls	r4, r4, #3
100017f8:	42a1      	cmp	r1, r4
100017fa:	d204      	bcs.n	10001806 <.divsi3_skip_div0_test+0x3e>
100017fc:	4281      	cmp	r1, r0
100017fe:	d202      	bcs.n	10001806 <.divsi3_skip_div0_test+0x3e>
10001800:	0049      	lsls	r1, r1, #1
10001802:	005b      	lsls	r3, r3, #1
10001804:	e7f8      	b.n	100017f8 <.divsi3_skip_div0_test+0x30>
10001806:	4288      	cmp	r0, r1
10001808:	d301      	bcc.n	1000180e <.divsi3_skip_div0_test+0x46>
1000180a:	1a40      	subs	r0, r0, r1
1000180c:	431a      	orrs	r2, r3
1000180e:	084c      	lsrs	r4, r1, #1
10001810:	42a0      	cmp	r0, r4
10001812:	d302      	bcc.n	1000181a <.divsi3_skip_div0_test+0x52>
10001814:	1b00      	subs	r0, r0, r4
10001816:	085c      	lsrs	r4, r3, #1
10001818:	4322      	orrs	r2, r4
1000181a:	088c      	lsrs	r4, r1, #2
1000181c:	42a0      	cmp	r0, r4
1000181e:	d302      	bcc.n	10001826 <.divsi3_skip_div0_test+0x5e>
10001820:	1b00      	subs	r0, r0, r4
10001822:	089c      	lsrs	r4, r3, #2
10001824:	4322      	orrs	r2, r4
10001826:	08cc      	lsrs	r4, r1, #3
10001828:	42a0      	cmp	r0, r4
1000182a:	d302      	bcc.n	10001832 <.divsi3_skip_div0_test+0x6a>
1000182c:	1b00      	subs	r0, r0, r4
1000182e:	08dc      	lsrs	r4, r3, #3
10001830:	4322      	orrs	r2, r4
10001832:	2800      	cmp	r0, #0
10001834:	d003      	beq.n	1000183e <.divsi3_skip_div0_test+0x76>
10001836:	091b      	lsrs	r3, r3, #4
10001838:	d001      	beq.n	1000183e <.divsi3_skip_div0_test+0x76>
1000183a:	0909      	lsrs	r1, r1, #4
1000183c:	e7e3      	b.n	10001806 <.divsi3_skip_div0_test+0x3e>
1000183e:	1c10      	adds	r0, r2, #0
10001840:	4664      	mov	r4, ip
10001842:	2c00      	cmp	r4, #0
10001844:	d500      	bpl.n	10001848 <.divsi3_skip_div0_test+0x80>
10001846:	4240      	negs	r0, r0
10001848:	bc10      	pop	{r4}
1000184a:	4770      	bx	lr
1000184c:	2800      	cmp	r0, #0
1000184e:	d006      	beq.n	1000185e <.divsi3_skip_div0_test+0x96>
10001850:	db03      	blt.n	1000185a <.divsi3_skip_div0_test+0x92>
10001852:	2000      	movs	r0, #0
10001854:	43c0      	mvns	r0, r0
10001856:	0840      	lsrs	r0, r0, #1
10001858:	e001      	b.n	1000185e <.divsi3_skip_div0_test+0x96>
1000185a:	2080      	movs	r0, #128	; 0x80
1000185c:	0600      	lsls	r0, r0, #24
1000185e:	b407      	push	{r0, r1, r2}
10001860:	4802      	ldr	r0, [pc, #8]	; (1000186c <.divsi3_skip_div0_test+0xa4>)
10001862:	a102      	add	r1, pc, #8	; (adr r1, 1000186c <.divsi3_skip_div0_test+0xa4>)
10001864:	1840      	adds	r0, r0, r1
10001866:	9002      	str	r0, [sp, #8]
10001868:	bd03      	pop	{r0, r1, pc}
1000186a:	46c0      	nop			; (mov r8, r8)
1000186c:	00000019 	.word	0x00000019

10001870 <__aeabi_idivmod>:
10001870:	2900      	cmp	r1, #0
10001872:	d0eb      	beq.n	1000184c <.divsi3_skip_div0_test+0x84>
10001874:	b503      	push	{r0, r1, lr}
10001876:	f7ff ffa7 	bl	100017c8 <.divsi3_skip_div0_test>
1000187a:	bc0e      	pop	{r1, r2, r3}
1000187c:	4342      	muls	r2, r0
1000187e:	1a89      	subs	r1, r1, r2
10001880:	4718      	bx	r3
10001882:	46c0      	nop			; (mov r8, r8)

10001884 <__aeabi_idiv0>:
10001884:	4770      	bx	lr
10001886:	46c0      	nop			; (mov r8, r8)

Disassembly of section .VENEER_Code:

2000000c <HardFault_Veneer>:
2000000c:	482c      	ldr	r0, [pc, #176]	; (200000c0 <CCU40_3_Veneer+0x20>)
2000000e:	4687      	mov	pc, r0
	...

2000002c <SVC_Veneer>:
2000002c:	4825      	ldr	r0, [pc, #148]	; (200000c4 <CCU40_3_Veneer+0x24>)
2000002e:	4687      	mov	pc, r0
	...

20000038 <PendSV_Veneer>:
20000038:	4823      	ldr	r0, [pc, #140]	; (200000c8 <CCU40_3_Veneer+0x28>)
2000003a:	4687      	mov	pc, r0

2000003c <SysTick_Veneer>:
2000003c:	4823      	ldr	r0, [pc, #140]	; (200000cc <CCU40_3_Veneer+0x2c>)
2000003e:	4687      	mov	pc, r0

20000040 <SCU_0_Veneer>:
20000040:	4823      	ldr	r0, [pc, #140]	; (200000d0 <CCU40_3_Veneer+0x30>)
20000042:	4687      	mov	pc, r0

20000044 <SCU_1_Veneer>:
20000044:	4823      	ldr	r0, [pc, #140]	; (200000d4 <CCU40_3_Veneer+0x34>)
20000046:	4687      	mov	pc, r0

20000048 <SCU_2_Veneer>:
20000048:	4823      	ldr	r0, [pc, #140]	; (200000d8 <CCU40_3_Veneer+0x38>)
2000004a:	4687      	mov	pc, r0

2000004c <SCU_3_Veneer>:
2000004c:	4823      	ldr	r0, [pc, #140]	; (200000dc <CCU40_3_Veneer+0x3c>)
2000004e:	4687      	mov	pc, r0

20000050 <SCU_4_Veneer>:
20000050:	4823      	ldr	r0, [pc, #140]	; (200000e0 <CCU40_3_Veneer+0x40>)
20000052:	4687      	mov	pc, r0

20000054 <SCU_5_Veneer>:
20000054:	4823      	ldr	r0, [pc, #140]	; (200000e4 <CCU40_3_Veneer+0x44>)
20000056:	4687      	mov	pc, r0

20000058 <SCU_6_Veneer>:
20000058:	4823      	ldr	r0, [pc, #140]	; (200000e8 <CCU40_3_Veneer+0x48>)
2000005a:	4687      	mov	pc, r0
	...

20000064 <USIC0_0_Veneer>:
20000064:	4821      	ldr	r0, [pc, #132]	; (200000ec <CCU40_3_Veneer+0x4c>)
20000066:	4687      	mov	pc, r0

20000068 <USIC0_1_Veneer>:
20000068:	4821      	ldr	r0, [pc, #132]	; (200000f0 <CCU40_3_Veneer+0x50>)
2000006a:	4687      	mov	pc, r0

2000006c <USIC0_2_Veneer>:
2000006c:	4821      	ldr	r0, [pc, #132]	; (200000f4 <CCU40_3_Veneer+0x54>)
2000006e:	4687      	mov	pc, r0

20000070 <USIC0_3_Veneer>:
20000070:	4821      	ldr	r0, [pc, #132]	; (200000f8 <CCU40_3_Veneer+0x58>)
20000072:	4687      	mov	pc, r0

20000074 <USIC0_4_Veneer>:
20000074:	4821      	ldr	r0, [pc, #132]	; (200000fc <CCU40_3_Veneer+0x5c>)
20000076:	4687      	mov	pc, r0

20000078 <USIC0_5_Veneer>:
20000078:	4821      	ldr	r0, [pc, #132]	; (20000100 <CCU40_3_Veneer+0x60>)
2000007a:	4687      	mov	pc, r0

2000007c <VADC0_C0_0_Veneer>:
2000007c:	4821      	ldr	r0, [pc, #132]	; (20000104 <CCU40_3_Veneer+0x64>)
2000007e:	4687      	mov	pc, r0

20000080 <VADC0_C0_1_Veneer>:
20000080:	4821      	ldr	r0, [pc, #132]	; (20000108 <CCU40_3_Veneer+0x68>)
20000082:	4687      	mov	pc, r0
	...

20000094 <CCU40_0_Veneer>:
20000094:	481d      	ldr	r0, [pc, #116]	; (2000010c <CCU40_3_Veneer+0x6c>)
20000096:	4687      	mov	pc, r0

20000098 <CCU40_1_Veneer>:
20000098:	481d      	ldr	r0, [pc, #116]	; (20000110 <CCU40_3_Veneer+0x70>)
2000009a:	4687      	mov	pc, r0

2000009c <CCU40_2_Veneer>:
2000009c:	481d      	ldr	r0, [pc, #116]	; (20000114 <CCU40_3_Veneer+0x74>)
2000009e:	4687      	mov	pc, r0

200000a0 <CCU40_3_Veneer>:
200000a0:	481d      	ldr	r0, [pc, #116]	; (20000118 <CCU40_3_Veneer+0x78>)
200000a2:	4687      	mov	pc, r0
	...
200000c0:	100010d7 	.word	0x100010d7
200000c4:	100010d9 	.word	0x100010d9
200000c8:	100010db 	.word	0x100010db
200000cc:	100010dd 	.word	0x100010dd
200000d0:	100010df 	.word	0x100010df
200000d4:	100010e1 	.word	0x100010e1
200000d8:	100010e3 	.word	0x100010e3
200000dc:	100010e5 	.word	0x100010e5
200000e0:	100010e7 	.word	0x100010e7
200000e4:	100010e9 	.word	0x100010e9
200000e8:	10001231 	.word	0x10001231
200000ec:	100010f9 	.word	0x100010f9
200000f0:	100010fb 	.word	0x100010fb
200000f4:	100010fd 	.word	0x100010fd
200000f8:	100010ff 	.word	0x100010ff
200000fc:	10001101 	.word	0x10001101
20000100:	10001103 	.word	0x10001103
20000104:	100010ed 	.word	0x100010ed
20000108:	100010ef 	.word	0x100010ef
2000010c:	100010f1 	.word	0x100010f1
20000110:	100010f3 	.word	0x100010f3
20000114:	100010f5 	.word	0x100010f5
20000118:	100010f7 	.word	0x100010f7
