   1              		.cpu cortex-m0
   2              		.fpu softvfp
   3              		.eabi_attribute 20, 1
   4              		.eabi_attribute 21, 1
   5              		.eabi_attribute 23, 3
   6              		.eabi_attribute 24, 1
   7              		.eabi_attribute 25, 1
   8              		.eabi_attribute 26, 1
   9              		.eabi_attribute 30, 4
  10              		.eabi_attribute 34, 0
  11              		.eabi_attribute 18, 4
  12              		.code	16
  13              		.file	"MULTIPLEXER.c"
  14              		.section	.text.DAVE_MUX_Init,"ax",%progbits
  15              		.align	1
  16              		.global	DAVE_MUX_Init
  17              		.code	16
  18              		.thumb_func
  20              	DAVE_MUX_Init:
  21              		@ sp needed for prologue
  22 0000 7047     		bx	lr
  24              		.section	.text.DAVE_MUX_PreInit,"ax",%progbits
  25              		.align	1
  26              		.global	DAVE_MUX_PreInit
  27              		.code	16
  28              		.thumb_func
  30              	DAVE_MUX_PreInit:
  31              		@ sp needed for prologue
  32 0000 7047     		bx	lr
  34              		.ident	"GCC: (GNU Tools for ARM Embedded Processors) 4.7.4 20130913 (release) [ARM/embedded-4_7-br
DEFINED SYMBOLS
                            *ABS*:00000000 MULTIPLEXER.c
C:\Users\Patrick\AppData\Local\Temp\cccgJAyc.s:15     .text.DAVE_MUX_Init:00000000 $t
C:\Users\Patrick\AppData\Local\Temp\cccgJAyc.s:20     .text.DAVE_MUX_Init:00000000 DAVE_MUX_Init
C:\Users\Patrick\AppData\Local\Temp\cccgJAyc.s:25     .text.DAVE_MUX_PreInit:00000000 $t
C:\Users\Patrick\AppData\Local\Temp\cccgJAyc.s:30     .text.DAVE_MUX_PreInit:00000000 DAVE_MUX_PreInit

NO UNDEFINED SYMBOLS
